2019-02-19 19:07:42,454 [Worker-1] INFO  c.g.t.t.d.PublishedGradleVersions - Gradle version information cache is out-of-date. Trying to update.
2019-02-19 19:13:53,289 [Worker-16] INFO  o.e.m.c.i.e.AbstractTransferListenerAdapter - Downloading https://repo.maven.apache.org/maven2/org/springframework/boot/spring-boot-starter-parent/2.1.2.RELEASE/spring-boot-starter-parent-2.1.2.RELEASE.pom
2019-02-19 19:13:53,778 [Worker-16] INFO  o.e.m.c.i.e.AbstractTransferListenerAdapter - Downloaded https://repo.maven.apache.org/maven2/org/springframework/boot/spring-boot-starter-parent/2.1.2.RELEASE/spring-boot-starter-parent-2.1.2.RELEASE.pom
2019-02-19 19:13:54,056 [Worker-16] INFO  o.e.m.c.i.e.AbstractTransferListenerAdapter - Downloading https://repo.maven.apache.org/maven2/org/springframework/boot/spring-boot-dependencies/2.1.2.RELEASE/spring-boot-dependencies-2.1.2.RELEASE.pom
2019-02-19 19:13:56,166 [Worker-16] INFO  o.e.m.c.i.e.AbstractTransferListenerAdapter - Downloaded https://repo.maven.apache.org/maven2/org/springframework/boot/spring-boot-dependencies/2.1.2.RELEASE/spring-boot-dependencies-2.1.2.RELEASE.pom
2019-02-19 19:13:56,685 [Worker-16] INFO  o.e.m.c.i.e.AbstractTransferListenerAdapter - Downloading https://repo.maven.apache.org/maven2/com/fasterxml/jackson/jackson-bom/2.9.8/jackson-bom-2.9.8.pom
2019-02-19 19:13:56,958 [Worker-16] INFO  o.e.m.c.i.e.AbstractTransferListenerAdapter - Downloaded https://repo.maven.apache.org/maven2/com/fasterxml/jackson/jackson-bom/2.9.8/jackson-bom-2.9.8.pom
2019-02-19 19:13:57,285 [Worker-16] INFO  o.e.m.c.i.e.AbstractTransferListenerAdapter - Downloading https://repo.maven.apache.org/maven2/com/fasterxml/jackson/jackson-parent/2.9.1.2/jackson-parent-2.9.1.2.pom
2019-02-19 19:13:57,561 [Worker-16] INFO  o.e.m.c.i.e.AbstractTransferListenerAdapter - Downloaded https://repo.maven.apache.org/maven2/com/fasterxml/jackson/jackson-parent/2.9.1.2/jackson-parent-2.9.1.2.pom
2019-02-19 19:13:57,846 [Worker-16] INFO  o.e.m.c.i.e.AbstractTransferListenerAdapter - Downloading https://repo.maven.apache.org/maven2/com/fasterxml/oss-parent/34/oss-parent-34.pom
2019-02-19 19:13:58,143 [Worker-16] INFO  o.e.m.c.i.e.AbstractTransferListenerAdapter - Downloaded https://repo.maven.apache.org/maven2/com/fasterxml/oss-parent/34/oss-parent-34.pom
2019-02-19 19:13:58,905 [Worker-16] INFO  o.e.m.c.i.e.AbstractTransferListenerAdapter - Downloading https://repo.maven.apache.org/maven2/io/netty/netty-bom/4.1.31.Final/netty-bom-4.1.31.Final.pom
2019-02-19 19:13:59,161 [Worker-16] INFO  o.e.m.c.i.e.AbstractTransferListenerAdapter - Downloaded https://repo.maven.apache.org/maven2/io/netty/netty-bom/4.1.31.Final/netty-bom-4.1.31.Final.pom
2019-02-19 19:13:59,484 [Worker-16] INFO  o.e.m.c.i.e.AbstractTransferListenerAdapter - Downloading https://repo.maven.apache.org/maven2/io/projectreactor/reactor-bom/Californium-SR4/reactor-bom-Californium-SR4.pom
2019-02-19 19:14:00,231 [Worker-16] INFO  o.e.m.c.i.e.AbstractTransferListenerAdapter - Downloaded https://repo.maven.apache.org/maven2/io/projectreactor/reactor-bom/Californium-SR4/reactor-bom-Californium-SR4.pom
2019-02-19 19:14:00,629 [Worker-16] INFO  o.e.m.c.i.e.AbstractTransferListenerAdapter - Downloading https://repo.maven.apache.org/maven2/org/apache/logging/log4j/log4j-bom/2.11.1/log4j-bom-2.11.1.pom
2019-02-19 19:14:00,910 [Worker-16] INFO  o.e.m.c.i.e.AbstractTransferListenerAdapter - Downloaded https://repo.maven.apache.org/maven2/org/apache/logging/log4j/log4j-bom/2.11.1/log4j-bom-2.11.1.pom
2019-02-19 19:14:01,745 [Worker-16] INFO  o.e.m.c.i.e.AbstractTransferListenerAdapter - Downloading https://repo.maven.apache.org/maven2/org/eclipse/jetty/jetty-bom/9.4.14.v20181114/jetty-bom-9.4.14.v20181114.pom
2019-02-19 19:14:02,022 [Worker-16] INFO  o.e.m.c.i.e.AbstractTransferListenerAdapter - Downloaded https://repo.maven.apache.org/maven2/org/eclipse/jetty/jetty-bom/9.4.14.v20181114/jetty-bom-9.4.14.v20181114.pom
2019-02-19 19:14:02,775 [Worker-16] INFO  o.e.m.c.i.e.AbstractTransferListenerAdapter - Downloading https://repo.maven.apache.org/maven2/org/glassfish/jersey/jersey-bom/2.27/jersey-bom-2.27.pom
2019-02-19 19:14:03,056 [Worker-16] INFO  o.e.m.c.i.e.AbstractTransferListenerAdapter - Downloaded https://repo.maven.apache.org/maven2/org/glassfish/jersey/jersey-bom/2.27/jersey-bom-2.27.pom
2019-02-19 19:14:03,393 [Worker-16] INFO  o.e.m.c.i.e.AbstractTransferListenerAdapter - Downloading https://repo.maven.apache.org/maven2/org/junit/junit-bom/5.3.2/junit-bom-5.3.2.pom
2019-02-19 19:14:03,690 [Worker-16] INFO  o.e.m.c.i.e.AbstractTransferListenerAdapter - Downloaded https://repo.maven.apache.org/maven2/org/junit/junit-bom/5.3.2/junit-bom-5.3.2.pom
2019-02-19 19:14:04,007 [Worker-16] INFO  o.e.m.c.i.e.AbstractTransferListenerAdapter - Downloading https://repo.maven.apache.org/maven2/org/springframework/spring-framework-bom/5.1.4.RELEASE/spring-framework-bom-5.1.4.RELEASE.pom
2019-02-19 19:14:04,298 [Worker-16] INFO  o.e.m.c.i.e.AbstractTransferListenerAdapter - Downloaded https://repo.maven.apache.org/maven2/org/springframework/spring-framework-bom/5.1.4.RELEASE/spring-framework-bom-5.1.4.RELEASE.pom
2019-02-19 19:14:04,592 [Worker-16] INFO  o.e.m.c.i.e.AbstractTransferListenerAdapter - Downloading https://repo.maven.apache.org/maven2/org/springframework/data/spring-data-releasetrain/Lovelace-SR4/spring-data-releasetrain-Lovelace-SR4.pom
2019-02-19 19:14:04,885 [Worker-16] INFO  o.e.m.c.i.e.AbstractTransferListenerAdapter - Downloaded https://repo.maven.apache.org/maven2/org/springframework/data/spring-data-releasetrain/Lovelace-SR4/spring-data-releasetrain-Lovelace-SR4.pom
2019-02-19 19:14:05,219 [Worker-16] INFO  o.e.m.c.i.e.AbstractTransferListenerAdapter - Downloading https://repo.maven.apache.org/maven2/org/springframework/data/build/spring-data-build/2.1.4.RELEASE/spring-data-build-2.1.4.RELEASE.pom
2019-02-19 19:14:05,535 [Worker-16] INFO  o.e.m.c.i.e.AbstractTransferListenerAdapter - Downloaded https://repo.maven.apache.org/maven2/org/springframework/data/build/spring-data-build/2.1.4.RELEASE/spring-data-build-2.1.4.RELEASE.pom
2019-02-19 19:14:05,848 [Worker-16] INFO  o.e.m.c.i.e.AbstractTransferListenerAdapter - Downloading https://repo.maven.apache.org/maven2/org/springframework/integration/spring-integration-bom/5.1.2.RELEASE/spring-integration-bom-5.1.2.RELEASE.pom
2019-02-19 19:14:06,161 [Worker-16] INFO  o.e.m.c.i.e.AbstractTransferListenerAdapter - Downloaded https://repo.maven.apache.org/maven2/org/springframework/integration/spring-integration-bom/5.1.2.RELEASE/spring-integration-bom-5.1.2.RELEASE.pom
2019-02-19 19:14:06,477 [Worker-16] INFO  o.e.m.c.i.e.AbstractTransferListenerAdapter - Downloading https://repo.maven.apache.org/maven2/org/springframework/security/spring-security-bom/5.1.3.RELEASE/spring-security-bom-5.1.3.RELEASE.pom
2019-02-19 19:14:06,781 [Worker-16] INFO  o.e.m.c.i.e.AbstractTransferListenerAdapter - Downloaded https://repo.maven.apache.org/maven2/org/springframework/security/spring-security-bom/5.1.3.RELEASE/spring-security-bom-5.1.3.RELEASE.pom
2019-02-19 19:14:07,128 [Worker-16] INFO  o.e.m.c.i.e.AbstractTransferListenerAdapter - Downloading https://repo.maven.apache.org/maven2/org/springframework/session/spring-session-bom/Bean-SR2/spring-session-bom-Bean-SR2.pom
2019-02-19 19:14:07,445 [Worker-16] INFO  o.e.m.c.i.e.AbstractTransferListenerAdapter - Downloaded https://repo.maven.apache.org/maven2/org/springframework/session/spring-session-bom/Bean-SR2/spring-session-bom-Bean-SR2.pom
2019-02-19 19:14:23,561 [Worker-16] INFO  o.e.m.c.i.e.AbstractTransferListenerAdapter - Downloading https://repo.maven.apache.org/maven2/org/springframework/boot/spring-boot-maven-plugin/2.1.2.RELEASE/spring-boot-maven-plugin-2.1.2.RELEASE.pom
2019-02-19 19:14:24,106 [Worker-16] INFO  o.e.m.c.i.e.AbstractTransferListenerAdapter - Downloaded https://repo.maven.apache.org/maven2/org/springframework/boot/spring-boot-maven-plugin/2.1.2.RELEASE/spring-boot-maven-plugin-2.1.2.RELEASE.pom
2019-02-19 19:14:24,452 [Worker-16] INFO  o.e.m.c.i.e.AbstractTransferListenerAdapter - Downloading https://repo.maven.apache.org/maven2/org/springframework/boot/spring-boot-tools/2.1.2.RELEASE/spring-boot-tools-2.1.2.RELEASE.pom
2019-02-19 19:14:24,788 [Worker-16] INFO  o.e.m.c.i.e.AbstractTransferListenerAdapter - Downloaded https://repo.maven.apache.org/maven2/org/springframework/boot/spring-boot-tools/2.1.2.RELEASE/spring-boot-tools-2.1.2.RELEASE.pom
2019-02-19 19:14:25,954 [Worker-16] INFO  o.e.m.c.i.e.AbstractTransferListenerAdapter - Downloading https://repo.maven.apache.org/maven2/org/springframework/boot/spring-boot-parent/2.1.2.RELEASE/spring-boot-parent-2.1.2.RELEASE.pom
2019-02-19 19:14:26,353 [Worker-16] INFO  o.e.m.c.i.e.AbstractTransferListenerAdapter - Downloaded https://repo.maven.apache.org/maven2/org/springframework/boot/spring-boot-parent/2.1.2.RELEASE/spring-boot-parent-2.1.2.RELEASE.pom
2019-02-19 19:14:26,817 [Worker-16] INFO  o.e.m.c.i.e.AbstractTransferListenerAdapter - Downloading https://repo.maven.apache.org/maven2/org/springframework/boot/spring-boot-maven-plugin/2.1.2.RELEASE/spring-boot-maven-plugin-2.1.2.RELEASE.jar
2019-02-19 19:14:29,046 [Worker-16] INFO  o.e.m.c.i.e.AbstractTransferListenerAdapter - Downloaded https://repo.maven.apache.org/maven2/org/springframework/boot/spring-boot-maven-plugin/2.1.2.RELEASE/spring-boot-maven-plugin-2.1.2.RELEASE.jar
2019-02-19 19:14:31,154 [Worker-16] INFO  o.e.m.c.i.e.AbstractTransferListenerAdapter - Downloading https://repo.maven.apache.org/maven2/org/apache/maven/plugins/maven-clean-plugin/3.1.0/maven-clean-plugin-3.1.0.jar
2019-02-19 19:14:32,255 [Worker-16] INFO  o.e.m.c.i.e.AbstractTransferListenerAdapter - Downloaded https://repo.maven.apache.org/maven2/org/apache/maven/plugins/maven-clean-plugin/3.1.0/maven-clean-plugin-3.1.0.jar
2019-02-19 19:14:33,041 [Worker-16] INFO  o.e.m.c.i.e.AbstractTransferListenerAdapter - Downloading https://repo.maven.apache.org/maven2/org/apache/maven/plugins/maven-resources-plugin/3.1.0/maven-resources-plugin-3.1.0.jar
2019-02-19 19:14:33,775 [Worker-16] INFO  o.e.m.c.i.e.AbstractTransferListenerAdapter - Downloaded https://repo.maven.apache.org/maven2/org/apache/maven/plugins/maven-resources-plugin/3.1.0/maven-resources-plugin-3.1.0.jar
2019-02-19 19:14:34,253 [Worker-16] INFO  o.e.m.c.i.e.AbstractTransferListenerAdapter - Downloading https://repo.maven.apache.org/maven2/org/apache/maven/plugins/maven-compiler-plugin/3.8.0/maven-compiler-plugin-3.8.0.jar
2019-02-19 19:14:35,674 [Worker-16] INFO  o.e.m.c.i.e.AbstractTransferListenerAdapter - Downloaded https://repo.maven.apache.org/maven2/org/apache/maven/plugins/maven-compiler-plugin/3.8.0/maven-compiler-plugin-3.8.0.jar
2019-02-19 19:14:36,452 [Worker-16] INFO  o.e.m.c.i.e.AbstractTransferListenerAdapter - Downloading https://repo.maven.apache.org/maven2/org/apache/maven/plugins/maven-surefire-plugin/2.22.1/maven-surefire-plugin-2.22.1.jar
2019-02-19 19:14:37,244 [Worker-16] INFO  o.e.m.c.i.e.AbstractTransferListenerAdapter - Downloaded https://repo.maven.apache.org/maven2/org/apache/maven/plugins/maven-surefire-plugin/2.22.1/maven-surefire-plugin-2.22.1.jar
2019-02-19 19:14:37,772 [Worker-16] INFO  o.e.m.c.i.e.AbstractTransferListenerAdapter - Downloading https://repo.maven.apache.org/maven2/org/apache/maven/plugins/maven-jar-plugin/3.1.1/maven-jar-plugin-3.1.1.jar
2019-02-19 19:14:38,753 [Worker-16] INFO  o.e.m.c.i.e.AbstractTransferListenerAdapter - Downloaded https://repo.maven.apache.org/maven2/org/apache/maven/plugins/maven-jar-plugin/3.1.1/maven-jar-plugin-3.1.1.jar
2019-02-19 19:14:40,014 [Worker-16] INFO  o.e.m.c.i.e.AbstractTransferListenerAdapter - Downloading https://repo.maven.apache.org/maven2/org/apache/maven/plugins/maven-site-plugin/3.7.1/maven-site-plugin-3.7.1.jar
2019-02-19 19:14:42,035 [Worker-16] INFO  o.e.m.c.i.e.AbstractTransferListenerAdapter - Downloaded https://repo.maven.apache.org/maven2/org/apache/maven/plugins/maven-site-plugin/3.7.1/maven-site-plugin-3.7.1.jar
2019-02-19 19:14:42,829 [Worker-16] INFO  o.e.m.c.i.e.AbstractTransferListenerAdapter - Downloading https://repo.maven.apache.org/maven2/org/apache/maven/plugins/maven-compiler-plugin/3.8.0/maven-compiler-plugin-3.8.0.pom
2019-02-19 19:14:43,120 [Worker-16] INFO  o.e.m.c.i.e.AbstractTransferListenerAdapter - Downloaded https://repo.maven.apache.org/maven2/org/apache/maven/plugins/maven-compiler-plugin/3.8.0/maven-compiler-plugin-3.8.0.pom
2019-02-19 19:14:43,464 [Worker-16] INFO  o.e.m.c.i.e.AbstractTransferListenerAdapter - Downloading https://repo.maven.apache.org/maven2/org/apache/maven/plugins/maven-plugins/32/maven-plugins-32.pom
2019-02-19 19:14:43,743 [Worker-16] INFO  o.e.m.c.i.e.AbstractTransferListenerAdapter - Downloaded https://repo.maven.apache.org/maven2/org/apache/maven/plugins/maven-plugins/32/maven-plugins-32.pom
2019-02-19 19:14:44,049 [Worker-16] INFO  o.e.m.c.i.e.AbstractTransferListenerAdapter - Downloading https://repo.maven.apache.org/maven2/org/apache/maven/maven-parent/32/maven-parent-32.pom
2019-02-19 19:14:44,615 [Worker-16] INFO  o.e.m.c.i.e.AbstractTransferListenerAdapter - Downloaded https://repo.maven.apache.org/maven2/org/apache/maven/maven-parent/32/maven-parent-32.pom
2019-02-19 19:14:44,970 [Worker-16] INFO  o.e.m.c.i.e.AbstractTransferListenerAdapter - Downloading https://repo.maven.apache.org/maven2/org/apache/apache/20/apache-20.pom
2019-02-19 19:14:45,311 [Worker-16] INFO  o.e.m.c.i.e.AbstractTransferListenerAdapter - Downloaded https://repo.maven.apache.org/maven2/org/apache/apache/20/apache-20.pom
2019-02-19 19:14:46,817 [Worker-16] INFO  o.e.m.c.i.e.AbstractTransferListenerAdapter - Downloading https://repo.maven.apache.org/maven2/org/codehaus/plexus/plexus-component-annotations/1.7.1/plexus-component-annotations-1.7.1.pom
2019-02-19 19:14:47,162 [Worker-16] INFO  o.e.m.c.i.e.AbstractTransferListenerAdapter - Downloaded https://repo.maven.apache.org/maven2/org/codehaus/plexus/plexus-component-annotations/1.7.1/plexus-component-annotations-1.7.1.pom
2019-02-19 19:14:47,514 [Worker-16] INFO  o.e.m.c.i.e.AbstractTransferListenerAdapter - Downloading https://repo.maven.apache.org/maven2/org/codehaus/plexus/plexus-containers/1.7.1/plexus-containers-1.7.1.pom
2019-02-19 19:14:47,840 [Worker-16] INFO  o.e.m.c.i.e.AbstractTransferListenerAdapter - Downloaded https://repo.maven.apache.org/maven2/org/codehaus/plexus/plexus-containers/1.7.1/plexus-containers-1.7.1.pom
2019-02-19 19:14:50,137 [Worker-16] INFO  o.e.m.c.i.e.AbstractTransferListenerAdapter - Downloading https://repo.maven.apache.org/maven2/org/apache/maven/shared/maven-shared-utils/3.2.1/maven-shared-utils-3.2.1.pom
2019-02-19 19:14:50,533 [Worker-16] INFO  o.e.m.c.i.e.AbstractTransferListenerAdapter - Downloaded https://repo.maven.apache.org/maven2/org/apache/maven/shared/maven-shared-utils/3.2.1/maven-shared-utils-3.2.1.pom
2019-02-19 19:14:58,719 [Worker-16] INFO  o.e.m.c.i.e.AbstractTransferListenerAdapter - Downloading https://repo.maven.apache.org/maven2/org/codehaus/plexus/plexus-java/0.9.10/plexus-java-0.9.10.pom
2019-02-19 19:14:59,100 [Worker-16] INFO  o.e.m.c.i.e.AbstractTransferListenerAdapter - Downloaded https://repo.maven.apache.org/maven2/org/codehaus/plexus/plexus-java/0.9.10/plexus-java-0.9.10.pom
2019-02-19 19:14:59,724 [Worker-16] INFO  o.e.m.c.i.e.AbstractTransferListenerAdapter - Downloading https://repo.maven.apache.org/maven2/org/codehaus/plexus/plexus-languages/0.9.10/plexus-languages-0.9.10.pom
2019-02-19 19:15:00,048 [Worker-16] INFO  o.e.m.c.i.e.AbstractTransferListenerAdapter - Downloaded https://repo.maven.apache.org/maven2/org/codehaus/plexus/plexus-languages/0.9.10/plexus-languages-0.9.10.pom
2019-02-19 19:15:00,369 [Worker-16] INFO  o.e.m.c.i.e.AbstractTransferListenerAdapter - Downloading https://repo.maven.apache.org/maven2/org/ow2/asm/asm/6.2/asm-6.2.pom
2019-02-19 19:15:00,705 [Worker-16] INFO  o.e.m.c.i.e.AbstractTransferListenerAdapter - Downloaded https://repo.maven.apache.org/maven2/org/ow2/asm/asm/6.2/asm-6.2.pom
2019-02-19 19:15:01,019 [Worker-16] INFO  o.e.m.c.i.e.AbstractTransferListenerAdapter - Downloading https://repo.maven.apache.org/maven2/org/ow2/ow2/1.5/ow2-1.5.pom
2019-02-19 19:15:01,360 [Worker-16] INFO  o.e.m.c.i.e.AbstractTransferListenerAdapter - Downloaded https://repo.maven.apache.org/maven2/org/ow2/ow2/1.5/ow2-1.5.pom
2019-02-19 19:15:01,764 [Worker-16] INFO  o.e.m.c.i.e.AbstractTransferListenerAdapter - Downloading https://repo.maven.apache.org/maven2/com/thoughtworks/qdox/qdox/2.0-M9/qdox-2.0-M9.pom
2019-02-19 19:15:02,099 [Worker-16] INFO  o.e.m.c.i.e.AbstractTransferListenerAdapter - Downloaded https://repo.maven.apache.org/maven2/com/thoughtworks/qdox/qdox/2.0-M9/qdox-2.0-M9.pom
2019-02-19 19:15:02,474 [Worker-16] INFO  o.e.m.c.i.e.AbstractTransferListenerAdapter - Downloading https://repo.maven.apache.org/maven2/org/codehaus/plexus/plexus-compiler-api/2.8.4/plexus-compiler-api-2.8.4.pom
2019-02-19 19:15:02,740 [Worker-16] INFO  o.e.m.c.i.e.AbstractTransferListenerAdapter - Downloaded https://repo.maven.apache.org/maven2/org/codehaus/plexus/plexus-compiler-api/2.8.4/plexus-compiler-api-2.8.4.pom
2019-02-19 19:15:03,023 [Worker-16] INFO  o.e.m.c.i.e.AbstractTransferListenerAdapter - Downloading https://repo.maven.apache.org/maven2/org/codehaus/plexus/plexus-compiler/2.8.4/plexus-compiler-2.8.4.pom
2019-02-19 19:15:03,267 [Worker-16] INFO  o.e.m.c.i.e.AbstractTransferListenerAdapter - Downloaded https://repo.maven.apache.org/maven2/org/codehaus/plexus/plexus-compiler/2.8.4/plexus-compiler-2.8.4.pom
2019-02-19 19:15:03,770 [Worker-16] INFO  o.e.m.c.i.e.AbstractTransferListenerAdapter - Downloading https://repo.maven.apache.org/maven2/org/codehaus/plexus/plexus-compiler-manager/2.8.4/plexus-compiler-manager-2.8.4.pom
2019-02-19 19:15:04,024 [Worker-16] INFO  o.e.m.c.i.e.AbstractTransferListenerAdapter - Downloaded https://repo.maven.apache.org/maven2/org/codehaus/plexus/plexus-compiler-manager/2.8.4/plexus-compiler-manager-2.8.4.pom
2019-02-19 19:15:04,287 [Worker-16] INFO  o.e.m.c.i.e.AbstractTransferListenerAdapter - Downloading https://repo.maven.apache.org/maven2/org/codehaus/plexus/plexus-compiler-javac/2.8.4/plexus-compiler-javac-2.8.4.pom
2019-02-19 19:15:04,480 [Worker-16] INFO  o.e.m.c.i.e.AbstractTransferListenerAdapter - Downloaded https://repo.maven.apache.org/maven2/org/codehaus/plexus/plexus-compiler-javac/2.8.4/plexus-compiler-javac-2.8.4.pom
2019-02-19 19:15:04,722 [Worker-16] INFO  o.e.m.c.i.e.AbstractTransferListenerAdapter - Downloading https://repo.maven.apache.org/maven2/org/codehaus/plexus/plexus-compilers/2.8.4/plexus-compilers-2.8.4.pom
2019-02-19 19:15:04,957 [Worker-16] INFO  o.e.m.c.i.e.AbstractTransferListenerAdapter - Downloaded https://repo.maven.apache.org/maven2/org/codehaus/plexus/plexus-compilers/2.8.4/plexus-compilers-2.8.4.pom
2019-02-19 19:15:05,338 [Worker-16] INFO  o.e.m.c.i.e.AbstractTransferListenerAdapter - Downloading https://repo.maven.apache.org/maven2/org/codehaus/plexus/plexus-component-annotations/1.7.1/plexus-component-annotations-1.7.1.jar
2019-02-19 19:15:05,741 [Worker-16] INFO  o.e.m.c.i.e.AbstractTransferListenerAdapter - Downloaded https://repo.maven.apache.org/maven2/org/codehaus/plexus/plexus-component-annotations/1.7.1/plexus-component-annotations-1.7.1.jar
2019-02-19 19:15:05,921 [Worker-16] INFO  o.e.m.c.i.e.AbstractTransferListenerAdapter - Downloading https://repo.maven.apache.org/maven2/org/apache/maven/shared/maven-shared-utils/3.2.1/maven-shared-utils-3.2.1.jar
2019-02-19 19:15:07,179 [Worker-16] INFO  o.e.m.c.i.e.AbstractTransferListenerAdapter - Downloaded https://repo.maven.apache.org/maven2/org/apache/maven/shared/maven-shared-utils/3.2.1/maven-shared-utils-3.2.1.jar
2019-02-19 19:15:07,340 [Worker-16] INFO  o.e.m.c.i.e.AbstractTransferListenerAdapter - Downloading https://repo.maven.apache.org/maven2/org/codehaus/plexus/plexus-java/0.9.10/plexus-java-0.9.10.jar
2019-02-19 19:15:08,368 [Worker-16] INFO  o.e.m.c.i.e.AbstractTransferListenerAdapter - Downloaded https://repo.maven.apache.org/maven2/org/codehaus/plexus/plexus-java/0.9.10/plexus-java-0.9.10.jar
2019-02-19 19:15:08,538 [Worker-16] INFO  o.e.m.c.i.e.AbstractTransferListenerAdapter - Downloading https://repo.maven.apache.org/maven2/org/ow2/asm/asm/6.2/asm-6.2.jar
2019-02-19 19:15:09,337 [Worker-16] INFO  o.e.m.c.i.e.AbstractTransferListenerAdapter - Downloaded https://repo.maven.apache.org/maven2/org/ow2/asm/asm/6.2/asm-6.2.jar
2019-02-19 19:15:09,517 [Worker-16] INFO  o.e.m.c.i.e.AbstractTransferListenerAdapter - Downloading https://repo.maven.apache.org/maven2/com/thoughtworks/qdox/qdox/2.0-M9/qdox-2.0-M9.jar
2019-02-19 19:15:11,625 [Worker-16] INFO  o.e.m.c.i.e.AbstractTransferListenerAdapter - Downloaded https://repo.maven.apache.org/maven2/com/thoughtworks/qdox/qdox/2.0-M9/qdox-2.0-M9.jar
2019-02-19 19:15:11,791 [Worker-16] INFO  o.e.m.c.i.e.AbstractTransferListenerAdapter - Downloading https://repo.maven.apache.org/maven2/org/codehaus/plexus/plexus-compiler-api/2.8.4/plexus-compiler-api-2.8.4.jar
2019-02-19 19:15:12,241 [Worker-16] INFO  o.e.m.c.i.e.AbstractTransferListenerAdapter - Downloaded https://repo.maven.apache.org/maven2/org/codehaus/plexus/plexus-compiler-api/2.8.4/plexus-compiler-api-2.8.4.jar
2019-02-19 19:15:12,409 [Worker-16] INFO  o.e.m.c.i.e.AbstractTransferListenerAdapter - Downloading https://repo.maven.apache.org/maven2/org/codehaus/plexus/plexus-compiler-manager/2.8.4/plexus-compiler-manager-2.8.4.jar
2019-02-19 19:15:12,738 [Worker-16] INFO  o.e.m.c.i.e.AbstractTransferListenerAdapter - Downloaded https://repo.maven.apache.org/maven2/org/codehaus/plexus/plexus-compiler-manager/2.8.4/plexus-compiler-manager-2.8.4.jar
2019-02-19 19:15:12,905 [Worker-16] INFO  o.e.m.c.i.e.AbstractTransferListenerAdapter - Downloading https://repo.maven.apache.org/maven2/org/codehaus/plexus/plexus-compiler-javac/2.8.4/plexus-compiler-javac-2.8.4.jar
2019-02-19 19:15:13,505 [Worker-16] INFO  o.e.m.c.i.e.AbstractTransferListenerAdapter - Downloaded https://repo.maven.apache.org/maven2/org/codehaus/plexus/plexus-compiler-javac/2.8.4/plexus-compiler-javac-2.8.4.jar
2019-02-19 19:15:21,484 [Worker-16] INFO  o.e.m.c.i.l.LifecycleMappingFactory - Using org.eclipse.m2e.jdt.JarLifecycleMapping lifecycle mapping for MavenProject: com.jbk:springbootmvc:0.0.1-SNAPSHOT @ C:\Users\suraj\Desktop\JenkinsWorkspace\springbootmvc\pom.xml.
2019-02-19 19:15:28,003 [Worker-16] INFO  o.e.m.c.i.e.AbstractTransferListenerAdapter - Downloading https://repo.maven.apache.org/maven2/org/springframework/boot/spring-boot-starter-web/2.1.2.RELEASE/spring-boot-starter-web-2.1.2.RELEASE.pom
2019-02-19 19:15:28,324 [Worker-16] INFO  o.e.m.c.i.e.AbstractTransferListenerAdapter - Downloaded https://repo.maven.apache.org/maven2/org/springframework/boot/spring-boot-starter-web/2.1.2.RELEASE/spring-boot-starter-web-2.1.2.RELEASE.pom
2019-02-19 19:15:28,582 [Worker-16] INFO  o.e.m.c.i.e.AbstractTransferListenerAdapter - Downloading https://repo.maven.apache.org/maven2/org/springframework/boot/spring-boot-starters/2.1.2.RELEASE/spring-boot-starters-2.1.2.RELEASE.pom
2019-02-19 19:15:28,840 [Worker-16] INFO  o.e.m.c.i.e.AbstractTransferListenerAdapter - Downloaded https://repo.maven.apache.org/maven2/org/springframework/boot/spring-boot-starters/2.1.2.RELEASE/spring-boot-starters-2.1.2.RELEASE.pom
2019-02-19 19:15:29,131 [Worker-16] INFO  o.e.m.c.i.e.AbstractTransferListenerAdapter - Downloading https://repo.maven.apache.org/maven2/org/springframework/boot/spring-boot-starter/2.1.2.RELEASE/spring-boot-starter-2.1.2.RELEASE.pom
2019-02-19 19:15:29,383 [Worker-16] INFO  o.e.m.c.i.e.AbstractTransferListenerAdapter - Downloaded https://repo.maven.apache.org/maven2/org/springframework/boot/spring-boot-starter/2.1.2.RELEASE/spring-boot-starter-2.1.2.RELEASE.pom
2019-02-19 19:15:29,677 [Worker-16] INFO  o.e.m.c.i.e.AbstractTransferListenerAdapter - Downloading https://repo.maven.apache.org/maven2/org/springframework/boot/spring-boot/2.1.2.RELEASE/spring-boot-2.1.2.RELEASE.pom
2019-02-19 19:15:30,050 [Worker-16] INFO  o.e.m.c.i.e.AbstractTransferListenerAdapter - Downloaded https://repo.maven.apache.org/maven2/org/springframework/boot/spring-boot/2.1.2.RELEASE/spring-boot-2.1.2.RELEASE.pom
2019-02-19 19:15:30,355 [Worker-16] INFO  o.e.m.c.i.e.AbstractTransferListenerAdapter - Downloading https://repo.maven.apache.org/maven2/org/springframework/spring-core/5.1.4.RELEASE/spring-core-5.1.4.RELEASE.pom
2019-02-19 19:15:30,592 [Worker-16] INFO  o.e.m.c.i.e.AbstractTransferListenerAdapter - Downloaded https://repo.maven.apache.org/maven2/org/springframework/spring-core/5.1.4.RELEASE/spring-core-5.1.4.RELEASE.pom
2019-02-19 19:15:30,887 [Worker-16] INFO  o.e.m.c.i.e.AbstractTransferListenerAdapter - Downloading https://repo.maven.apache.org/maven2/org/springframework/spring-jcl/5.1.4.RELEASE/spring-jcl-5.1.4.RELEASE.pom
2019-02-19 19:15:31,166 [Worker-16] INFO  o.e.m.c.i.e.AbstractTransferListenerAdapter - Downloaded https://repo.maven.apache.org/maven2/org/springframework/spring-jcl/5.1.4.RELEASE/spring-jcl-5.1.4.RELEASE.pom
2019-02-19 19:15:31,449 [Worker-16] INFO  o.e.m.c.i.e.AbstractTransferListenerAdapter - Downloading https://repo.maven.apache.org/maven2/org/springframework/spring-context/5.1.4.RELEASE/spring-context-5.1.4.RELEASE.pom
2019-02-19 19:15:31,729 [Worker-16] INFO  o.e.m.c.i.e.AbstractTransferListenerAdapter - Downloaded https://repo.maven.apache.org/maven2/org/springframework/spring-context/5.1.4.RELEASE/spring-context-5.1.4.RELEASE.pom
2019-02-19 19:15:31,988 [Worker-16] INFO  o.e.m.c.i.e.AbstractTransferListenerAdapter - Downloading https://repo.maven.apache.org/maven2/org/springframework/spring-aop/5.1.4.RELEASE/spring-aop-5.1.4.RELEASE.pom
2019-02-19 19:15:32,247 [Worker-16] INFO  o.e.m.c.i.e.AbstractTransferListenerAdapter - Downloaded https://repo.maven.apache.org/maven2/org/springframework/spring-aop/5.1.4.RELEASE/spring-aop-5.1.4.RELEASE.pom
2019-02-19 19:15:32,531 [Worker-16] INFO  o.e.m.c.i.e.AbstractTransferListenerAdapter - Downloading https://repo.maven.apache.org/maven2/org/springframework/spring-beans/5.1.4.RELEASE/spring-beans-5.1.4.RELEASE.pom
2019-02-19 19:15:32,770 [Worker-16] INFO  o.e.m.c.i.e.AbstractTransferListenerAdapter - Downloaded https://repo.maven.apache.org/maven2/org/springframework/spring-beans/5.1.4.RELEASE/spring-beans-5.1.4.RELEASE.pom
2019-02-19 19:15:33,030 [Worker-16] INFO  o.e.m.c.i.e.AbstractTransferListenerAdapter - Downloading https://repo.maven.apache.org/maven2/org/springframework/spring-expression/5.1.4.RELEASE/spring-expression-5.1.4.RELEASE.pom
2019-02-19 19:15:33,281 [Worker-16] INFO  o.e.m.c.i.e.AbstractTransferListenerAdapter - Downloaded https://repo.maven.apache.org/maven2/org/springframework/spring-expression/5.1.4.RELEASE/spring-expression-5.1.4.RELEASE.pom
2019-02-19 19:15:33,532 [Worker-16] INFO  o.e.m.c.i.e.AbstractTransferListenerAdapter - Downloading https://repo.maven.apache.org/maven2/org/springframework/boot/spring-boot-autoconfigure/2.1.2.RELEASE/spring-boot-autoconfigure-2.1.2.RELEASE.pom
2019-02-19 19:15:34,049 [Worker-16] INFO  o.e.m.c.i.e.AbstractTransferListenerAdapter - Downloaded https://repo.maven.apache.org/maven2/org/springframework/boot/spring-boot-autoconfigure/2.1.2.RELEASE/spring-boot-autoconfigure-2.1.2.RELEASE.pom
2019-02-19 19:15:34,337 [Worker-16] INFO  o.e.m.c.i.e.AbstractTransferListenerAdapter - Downloading https://repo.maven.apache.org/maven2/org/springframework/boot/spring-boot-starter-logging/2.1.2.RELEASE/spring-boot-starter-logging-2.1.2.RELEASE.pom
2019-02-19 19:15:34,593 [Worker-16] INFO  o.e.m.c.i.e.AbstractTransferListenerAdapter - Downloaded https://repo.maven.apache.org/maven2/org/springframework/boot/spring-boot-starter-logging/2.1.2.RELEASE/spring-boot-starter-logging-2.1.2.RELEASE.pom
2019-02-19 19:15:35,212 [Worker-16] INFO  o.e.m.c.i.e.AbstractTransferListenerAdapter - Downloading https://repo.maven.apache.org/maven2/org/apache/logging/log4j/log4j-to-slf4j/2.11.1/log4j-to-slf4j-2.11.1.pom
2019-02-19 19:15:35,564 [Worker-16] INFO  o.e.m.c.i.e.AbstractTransferListenerAdapter - Downloaded https://repo.maven.apache.org/maven2/org/apache/logging/log4j/log4j-to-slf4j/2.11.1/log4j-to-slf4j-2.11.1.pom
2019-02-19 19:15:35,831 [Worker-16] INFO  o.e.m.c.i.e.AbstractTransferListenerAdapter - Downloading https://repo.maven.apache.org/maven2/org/apache/logging/log4j/log4j/2.11.1/log4j-2.11.1.pom
2019-02-19 19:15:36,512 [Worker-16] INFO  o.e.m.c.i.e.AbstractTransferListenerAdapter - Downloaded https://repo.maven.apache.org/maven2/org/apache/logging/log4j/log4j/2.11.1/log4j-2.11.1.pom
2019-02-19 19:15:36,797 [Worker-16] INFO  o.e.m.c.i.e.AbstractTransferListenerAdapter - Downloading https://repo.maven.apache.org/maven2/org/apache/logging/log4j/log4j-api/2.11.1/log4j-api-2.11.1.pom
2019-02-19 19:15:37,042 [Worker-16] INFO  o.e.m.c.i.e.AbstractTransferListenerAdapter - Downloaded https://repo.maven.apache.org/maven2/org/apache/logging/log4j/log4j-api/2.11.1/log4j-api-2.11.1.pom
2019-02-19 19:15:37,629 [Worker-16] INFO  o.e.m.c.i.e.AbstractTransferListenerAdapter - Downloading https://repo.maven.apache.org/maven2/org/yaml/snakeyaml/1.23/snakeyaml-1.23.pom
2019-02-19 19:15:38,071 [Worker-16] INFO  o.e.m.c.i.e.AbstractTransferListenerAdapter - Downloaded https://repo.maven.apache.org/maven2/org/yaml/snakeyaml/1.23/snakeyaml-1.23.pom
2019-02-19 19:15:38,427 [Worker-16] INFO  o.e.m.c.i.e.AbstractTransferListenerAdapter - Downloading https://repo.maven.apache.org/maven2/org/springframework/boot/spring-boot-starter-json/2.1.2.RELEASE/spring-boot-starter-json-2.1.2.RELEASE.pom
2019-02-19 19:15:38,678 [Worker-16] INFO  o.e.m.c.i.e.AbstractTransferListenerAdapter - Downloaded https://repo.maven.apache.org/maven2/org/springframework/boot/spring-boot-starter-json/2.1.2.RELEASE/spring-boot-starter-json-2.1.2.RELEASE.pom
2019-02-19 19:15:38,976 [Worker-16] INFO  o.e.m.c.i.e.AbstractTransferListenerAdapter - Downloading https://repo.maven.apache.org/maven2/org/springframework/spring-web/5.1.4.RELEASE/spring-web-5.1.4.RELEASE.pom
2019-02-19 19:15:39,222 [Worker-16] INFO  o.e.m.c.i.e.AbstractTransferListenerAdapter - Downloaded https://repo.maven.apache.org/maven2/org/springframework/spring-web/5.1.4.RELEASE/spring-web-5.1.4.RELEASE.pom
2019-02-19 19:15:39,521 [Worker-16] INFO  o.e.m.c.i.e.AbstractTransferListenerAdapter - Downloading https://repo.maven.apache.org/maven2/com/fasterxml/jackson/core/jackson-databind/2.9.8/jackson-databind-2.9.8.pom
2019-02-19 19:15:39,788 [Worker-16] INFO  o.e.m.c.i.e.AbstractTransferListenerAdapter - Downloaded https://repo.maven.apache.org/maven2/com/fasterxml/jackson/core/jackson-databind/2.9.8/jackson-databind-2.9.8.pom
2019-02-19 19:15:40,084 [Worker-16] INFO  o.e.m.c.i.e.AbstractTransferListenerAdapter - Downloading https://repo.maven.apache.org/maven2/com/fasterxml/jackson/jackson-base/2.9.8/jackson-base-2.9.8.pom
2019-02-19 19:15:40,349 [Worker-16] INFO  o.e.m.c.i.e.AbstractTransferListenerAdapter - Downloaded https://repo.maven.apache.org/maven2/com/fasterxml/jackson/jackson-base/2.9.8/jackson-base-2.9.8.pom
2019-02-19 19:15:40,965 [Worker-16] INFO  o.e.m.c.i.e.AbstractTransferListenerAdapter - Downloading https://repo.maven.apache.org/maven2/com/fasterxml/jackson/core/jackson-core/2.9.8/jackson-core-2.9.8.pom
2019-02-19 19:15:41,219 [Worker-16] INFO  o.e.m.c.i.e.AbstractTransferListenerAdapter - Downloaded https://repo.maven.apache.org/maven2/com/fasterxml/jackson/core/jackson-core/2.9.8/jackson-core-2.9.8.pom
2019-02-19 19:15:41,492 [Worker-16] INFO  o.e.m.c.i.e.AbstractTransferListenerAdapter - Downloading https://repo.maven.apache.org/maven2/com/fasterxml/jackson/datatype/jackson-datatype-jdk8/2.9.8/jackson-datatype-jdk8-2.9.8.pom
2019-02-19 19:15:41,746 [Worker-16] INFO  o.e.m.c.i.e.AbstractTransferListenerAdapter - Downloaded https://repo.maven.apache.org/maven2/com/fasterxml/jackson/datatype/jackson-datatype-jdk8/2.9.8/jackson-datatype-jdk8-2.9.8.pom
2019-02-19 19:15:42,036 [Worker-16] INFO  o.e.m.c.i.e.AbstractTransferListenerAdapter - Downloading https://repo.maven.apache.org/maven2/com/fasterxml/jackson/module/jackson-modules-java8/2.9.8/jackson-modules-java8-2.9.8.pom
2019-02-19 19:15:42,358 [Worker-16] INFO  o.e.m.c.i.e.AbstractTransferListenerAdapter - Downloaded https://repo.maven.apache.org/maven2/com/fasterxml/jackson/module/jackson-modules-java8/2.9.8/jackson-modules-java8-2.9.8.pom
2019-02-19 19:15:42,608 [Worker-16] INFO  o.e.m.c.i.e.AbstractTransferListenerAdapter - Downloading https://repo.maven.apache.org/maven2/com/fasterxml/jackson/datatype/jackson-datatype-jsr310/2.9.8/jackson-datatype-jsr310-2.9.8.pom
2019-02-19 19:15:42,806 [Worker-16] INFO  o.e.m.c.i.e.AbstractTransferListenerAdapter - Downloaded https://repo.maven.apache.org/maven2/com/fasterxml/jackson/datatype/jackson-datatype-jsr310/2.9.8/jackson-datatype-jsr310-2.9.8.pom
2019-02-19 19:15:43,091 [Worker-16] INFO  o.e.m.c.i.e.AbstractTransferListenerAdapter - Downloading https://repo.maven.apache.org/maven2/com/fasterxml/jackson/module/jackson-module-parameter-names/2.9.8/jackson-module-parameter-names-2.9.8.pom
2019-02-19 19:15:43,342 [Worker-16] INFO  o.e.m.c.i.e.AbstractTransferListenerAdapter - Downloaded https://repo.maven.apache.org/maven2/com/fasterxml/jackson/module/jackson-module-parameter-names/2.9.8/jackson-module-parameter-names-2.9.8.pom
2019-02-19 19:15:43,653 [Worker-16] INFO  o.e.m.c.i.e.AbstractTransferListenerAdapter - Downloading https://repo.maven.apache.org/maven2/org/springframework/boot/spring-boot-starter-tomcat/2.1.2.RELEASE/spring-boot-starter-tomcat-2.1.2.RELEASE.pom
2019-02-19 19:15:43,915 [Worker-16] INFO  o.e.m.c.i.e.AbstractTransferListenerAdapter - Downloaded https://repo.maven.apache.org/maven2/org/springframework/boot/spring-boot-starter-tomcat/2.1.2.RELEASE/spring-boot-starter-tomcat-2.1.2.RELEASE.pom
2019-02-19 19:15:44,230 [Worker-16] INFO  o.e.m.c.i.e.AbstractTransferListenerAdapter - Downloading https://repo.maven.apache.org/maven2/org/apache/tomcat/embed/tomcat-embed-core/9.0.14/tomcat-embed-core-9.0.14.pom
2019-02-19 19:15:44,543 [Worker-16] INFO  o.e.m.c.i.e.AbstractTransferListenerAdapter - Downloaded https://repo.maven.apache.org/maven2/org/apache/tomcat/embed/tomcat-embed-core/9.0.14/tomcat-embed-core-9.0.14.pom
2019-02-19 19:15:44,816 [Worker-16] INFO  o.e.m.c.i.e.AbstractTransferListenerAdapter - Downloading https://repo.maven.apache.org/maven2/org/apache/tomcat/embed/tomcat-embed-el/9.0.14/tomcat-embed-el-9.0.14.pom
2019-02-19 19:15:45,057 [Worker-16] INFO  o.e.m.c.i.e.AbstractTransferListenerAdapter - Downloaded https://repo.maven.apache.org/maven2/org/apache/tomcat/embed/tomcat-embed-el/9.0.14/tomcat-embed-el-9.0.14.pom
2019-02-19 19:15:45,320 [Worker-16] INFO  o.e.m.c.i.e.AbstractTransferListenerAdapter - Downloading https://repo.maven.apache.org/maven2/org/apache/tomcat/embed/tomcat-embed-websocket/9.0.14/tomcat-embed-websocket-9.0.14.pom
2019-02-19 19:15:45,580 [Worker-16] INFO  o.e.m.c.i.e.AbstractTransferListenerAdapter - Downloaded https://repo.maven.apache.org/maven2/org/apache/tomcat/embed/tomcat-embed-websocket/9.0.14/tomcat-embed-websocket-9.0.14.pom
2019-02-19 19:15:45,940 [Worker-16] INFO  o.e.m.c.i.e.AbstractTransferListenerAdapter - Downloading https://repo.maven.apache.org/maven2/org/apache/tomcat/tomcat-annotations-api/9.0.14/tomcat-annotations-api-9.0.14.pom
2019-02-19 19:15:46,176 [Worker-16] INFO  o.e.m.c.i.e.AbstractTransferListenerAdapter - Downloaded https://repo.maven.apache.org/maven2/org/apache/tomcat/tomcat-annotations-api/9.0.14/tomcat-annotations-api-9.0.14.pom
2019-02-19 19:15:46,488 [Worker-16] INFO  o.e.m.c.i.e.AbstractTransferListenerAdapter - Downloading https://repo.maven.apache.org/maven2/org/hibernate/validator/hibernate-validator/6.0.14.Final/hibernate-validator-6.0.14.Final.pom
2019-02-19 19:15:46,789 [Worker-16] INFO  o.e.m.c.i.e.AbstractTransferListenerAdapter - Downloaded https://repo.maven.apache.org/maven2/org/hibernate/validator/hibernate-validator/6.0.14.Final/hibernate-validator-6.0.14.Final.pom
2019-02-19 19:15:47,077 [Worker-16] INFO  o.e.m.c.i.e.AbstractTransferListenerAdapter - Downloading https://repo.maven.apache.org/maven2/org/hibernate/validator/hibernate-validator-parent/6.0.14.Final/hibernate-validator-parent-6.0.14.Final.pom
2019-02-19 19:15:47,607 [Worker-16] INFO  o.e.m.c.i.e.AbstractTransferListenerAdapter - Downloaded https://repo.maven.apache.org/maven2/org/hibernate/validator/hibernate-validator-parent/6.0.14.Final/hibernate-validator-parent-6.0.14.Final.pom
2019-02-19 19:15:48,143 [Worker-16] INFO  o.e.m.c.i.e.AbstractTransferListenerAdapter - Downloading https://repo.maven.apache.org/maven2/com/fasterxml/classmate/1.4.0/classmate-1.4.0.pom
2019-02-19 19:15:48,413 [Worker-16] INFO  o.e.m.c.i.e.AbstractTransferListenerAdapter - Downloaded https://repo.maven.apache.org/maven2/com/fasterxml/classmate/1.4.0/classmate-1.4.0.pom
2019-02-19 19:15:48,762 [Worker-16] INFO  o.e.m.c.i.e.AbstractTransferListenerAdapter - Downloading https://repo.maven.apache.org/maven2/org/springframework/spring-webmvc/5.1.4.RELEASE/spring-webmvc-5.1.4.RELEASE.pom
2019-02-19 19:15:49,030 [Worker-16] INFO  o.e.m.c.i.e.AbstractTransferListenerAdapter - Downloaded https://repo.maven.apache.org/maven2/org/springframework/spring-webmvc/5.1.4.RELEASE/spring-webmvc-5.1.4.RELEASE.pom
2019-02-19 19:15:49,302 [Worker-16] INFO  o.e.m.c.i.e.AbstractTransferListenerAdapter - Downloading https://repo.maven.apache.org/maven2/org/springframework/boot/spring-boot-devtools/2.1.2.RELEASE/spring-boot-devtools-2.1.2.RELEASE.pom
2019-02-19 19:15:49,521 [Worker-16] INFO  o.e.m.c.i.e.AbstractTransferListenerAdapter - Downloaded https://repo.maven.apache.org/maven2/org/springframework/boot/spring-boot-devtools/2.1.2.RELEASE/spring-boot-devtools-2.1.2.RELEASE.pom
2019-02-19 19:15:49,863 [Worker-16] INFO  o.e.m.c.i.e.AbstractTransferListenerAdapter - Downloading https://repo.maven.apache.org/maven2/org/apache/tomcat/embed/tomcat-embed-jasper/9.0.14/tomcat-embed-jasper-9.0.14.pom
2019-02-19 19:15:50,122 [Worker-16] INFO  o.e.m.c.i.e.AbstractTransferListenerAdapter - Downloaded https://repo.maven.apache.org/maven2/org/apache/tomcat/embed/tomcat-embed-jasper/9.0.14/tomcat-embed-jasper-9.0.14.pom
2019-02-19 19:15:50,381 [Worker-16] INFO  o.e.m.c.i.e.AbstractTransferListenerAdapter - Downloading https://repo.maven.apache.org/maven2/org/eclipse/jdt/ecj/3.15.0/ecj-3.15.0.pom
2019-02-19 19:15:50,647 [Worker-16] INFO  o.e.m.c.i.e.AbstractTransferListenerAdapter - Downloaded https://repo.maven.apache.org/maven2/org/eclipse/jdt/ecj/3.15.0/ecj-3.15.0.pom
2019-02-19 19:15:50,873 [Worker-16] INFO  o.e.m.c.i.e.AbstractTransferListenerAdapter - Downloading https://repo.maven.apache.org/maven2/org/springframework/boot/spring-boot-starter-test/2.1.2.RELEASE/spring-boot-starter-test-2.1.2.RELEASE.pom
2019-02-19 19:15:51,130 [Worker-16] INFO  o.e.m.c.i.e.AbstractTransferListenerAdapter - Downloaded https://repo.maven.apache.org/maven2/org/springframework/boot/spring-boot-starter-test/2.1.2.RELEASE/spring-boot-starter-test-2.1.2.RELEASE.pom
2019-02-19 19:15:51,386 [Worker-16] INFO  o.e.m.c.i.e.AbstractTransferListenerAdapter - Downloading https://repo.maven.apache.org/maven2/org/springframework/boot/spring-boot-test/2.1.2.RELEASE/spring-boot-test-2.1.2.RELEASE.pom
2019-02-19 19:15:51,629 [Worker-16] INFO  o.e.m.c.i.e.AbstractTransferListenerAdapter - Downloaded https://repo.maven.apache.org/maven2/org/springframework/boot/spring-boot-test/2.1.2.RELEASE/spring-boot-test-2.1.2.RELEASE.pom
2019-02-19 19:15:51,905 [Worker-16] INFO  o.e.m.c.i.e.AbstractTransferListenerAdapter - Downloading https://repo.maven.apache.org/maven2/org/springframework/boot/spring-boot-test-autoconfigure/2.1.2.RELEASE/spring-boot-test-autoconfigure-2.1.2.RELEASE.pom
2019-02-19 19:15:52,153 [Worker-16] INFO  o.e.m.c.i.e.AbstractTransferListenerAdapter - Downloaded https://repo.maven.apache.org/maven2/org/springframework/boot/spring-boot-test-autoconfigure/2.1.2.RELEASE/spring-boot-test-autoconfigure-2.1.2.RELEASE.pom
2019-02-19 19:15:53,343 [Worker-16] INFO  o.e.m.c.i.e.AbstractTransferListenerAdapter - Downloading https://repo.maven.apache.org/maven2/org/assertj/assertj-core/3.11.1/assertj-core-3.11.1.pom
2019-02-19 19:15:53,602 [Worker-16] INFO  o.e.m.c.i.e.AbstractTransferListenerAdapter - Downloaded https://repo.maven.apache.org/maven2/org/assertj/assertj-core/3.11.1/assertj-core-3.11.1.pom
2019-02-19 19:15:53,805 [Worker-16] INFO  o.e.m.c.i.e.AbstractTransferListenerAdapter - Downloading https://repo.maven.apache.org/maven2/org/assertj/assertj-parent-pom/2.2.1/assertj-parent-pom-2.2.1.pom
2019-02-19 19:15:54,102 [Worker-16] INFO  o.e.m.c.i.e.AbstractTransferListenerAdapter - Downloaded https://repo.maven.apache.org/maven2/org/assertj/assertj-parent-pom/2.2.1/assertj-parent-pom-2.2.1.pom
2019-02-19 19:15:54,346 [Worker-16] INFO  o.e.m.c.i.e.AbstractTransferListenerAdapter - Downloading https://repo.maven.apache.org/maven2/org/junit/junit-bom/5.2.0/junit-bom-5.2.0.pom
2019-02-19 19:15:54,586 [Worker-16] INFO  o.e.m.c.i.e.AbstractTransferListenerAdapter - Downloaded https://repo.maven.apache.org/maven2/org/junit/junit-bom/5.2.0/junit-bom-5.2.0.pom
2019-02-19 19:15:54,827 [Worker-16] INFO  o.e.m.c.i.e.AbstractTransferListenerAdapter - Downloading https://repo.maven.apache.org/maven2/org/mockito/mockito-core/2.23.4/mockito-core-2.23.4.pom
2019-02-19 19:15:55,091 [Worker-16] INFO  o.e.m.c.i.e.AbstractTransferListenerAdapter - Downloaded https://repo.maven.apache.org/maven2/org/mockito/mockito-core/2.23.4/mockito-core-2.23.4.pom
2019-02-19 19:15:55,351 [Worker-16] INFO  o.e.m.c.i.e.AbstractTransferListenerAdapter - Downloading https://repo.maven.apache.org/maven2/net/bytebuddy/byte-buddy/1.9.7/byte-buddy-1.9.7.pom
2019-02-19 19:15:55,625 [Worker-16] INFO  o.e.m.c.i.e.AbstractTransferListenerAdapter - Downloaded https://repo.maven.apache.org/maven2/net/bytebuddy/byte-buddy/1.9.7/byte-buddy-1.9.7.pom
2019-02-19 19:15:55,922 [Worker-16] INFO  o.e.m.c.i.e.AbstractTransferListenerAdapter - Downloading https://repo.maven.apache.org/maven2/net/bytebuddy/byte-buddy-parent/1.9.7/byte-buddy-parent-1.9.7.pom
2019-02-19 19:15:56,624 [Worker-16] INFO  o.e.m.c.i.e.AbstractTransferListenerAdapter - Downloaded https://repo.maven.apache.org/maven2/net/bytebuddy/byte-buddy-parent/1.9.7/byte-buddy-parent-1.9.7.pom
2019-02-19 19:15:56,946 [Worker-16] INFO  o.e.m.c.i.e.AbstractTransferListenerAdapter - Downloading https://repo.maven.apache.org/maven2/net/bytebuddy/byte-buddy-agent/1.9.7/byte-buddy-agent-1.9.7.pom
2019-02-19 19:15:57,202 [Worker-16] INFO  o.e.m.c.i.e.AbstractTransferListenerAdapter - Downloaded https://repo.maven.apache.org/maven2/net/bytebuddy/byte-buddy-agent/1.9.7/byte-buddy-agent-1.9.7.pom
2019-02-19 19:15:57,750 [Worker-16] INFO  o.e.m.c.i.e.AbstractTransferListenerAdapter - Downloading https://repo.maven.apache.org/maven2/org/springframework/spring-test/5.1.4.RELEASE/spring-test-5.1.4.RELEASE.pom
2019-02-19 19:15:58,041 [Worker-16] INFO  o.e.m.c.i.e.AbstractTransferListenerAdapter - Downloaded https://repo.maven.apache.org/maven2/org/springframework/spring-test/5.1.4.RELEASE/spring-test-5.1.4.RELEASE.pom
2019-02-19 19:15:58,252 [Worker-16] INFO  o.e.m.c.i.e.AbstractTransferListenerAdapter - Downloading https://repo.maven.apache.org/maven2/org/xmlunit/xmlunit-core/2.6.2/xmlunit-core-2.6.2.pom
2019-02-19 19:15:58,477 [Worker-16] INFO  o.e.m.c.i.e.AbstractTransferListenerAdapter - Downloaded https://repo.maven.apache.org/maven2/org/xmlunit/xmlunit-core/2.6.2/xmlunit-core-2.6.2.pom
2019-02-19 19:15:58,759 [Worker-16] INFO  o.e.m.c.i.e.AbstractTransferListenerAdapter - Downloading https://repo.maven.apache.org/maven2/org/xmlunit/xmlunit-parent/2.6.2/xmlunit-parent-2.6.2.pom
2019-02-19 19:15:59,015 [Worker-16] INFO  o.e.m.c.i.e.AbstractTransferListenerAdapter - Downloaded https://repo.maven.apache.org/maven2/org/xmlunit/xmlunit-parent/2.6.2/xmlunit-parent-2.6.2.pom
2019-02-19 19:15:59,488 [Worker-16] INFO  o.e.m.c.i.e.AbstractTransferListenerAdapter - Downloading https://repo.maven.apache.org/maven2/org/springframework/boot/spring-boot-starter-web/2.1.2.RELEASE/spring-boot-starter-web-2.1.2.RELEASE.jar
2019-02-19 19:15:59,782 [Worker-16] INFO  o.e.m.c.i.e.AbstractTransferListenerAdapter - Downloaded https://repo.maven.apache.org/maven2/org/springframework/boot/spring-boot-starter-web/2.1.2.RELEASE/spring-boot-starter-web-2.1.2.RELEASE.jar
2019-02-19 19:15:59,955 [Worker-16] INFO  o.e.m.c.i.e.AbstractTransferListenerAdapter - Downloading https://repo.maven.apache.org/maven2/org/springframework/boot/spring-boot-starter/2.1.2.RELEASE/spring-boot-starter-2.1.2.RELEASE.jar
2019-02-19 19:16:00,207 [Worker-16] INFO  o.e.m.c.i.e.AbstractTransferListenerAdapter - Downloaded https://repo.maven.apache.org/maven2/org/springframework/boot/spring-boot-starter/2.1.2.RELEASE/spring-boot-starter-2.1.2.RELEASE.jar
2019-02-19 19:16:00,368 [Worker-16] INFO  o.e.m.c.i.e.AbstractTransferListenerAdapter - Downloading https://repo.maven.apache.org/maven2/org/springframework/boot/spring-boot-starter-logging/2.1.2.RELEASE/spring-boot-starter-logging-2.1.2.RELEASE.jar
2019-02-19 19:16:00,647 [Worker-16] INFO  o.e.m.c.i.e.AbstractTransferListenerAdapter - Downloaded https://repo.maven.apache.org/maven2/org/springframework/boot/spring-boot-starter-logging/2.1.2.RELEASE/spring-boot-starter-logging-2.1.2.RELEASE.jar
2019-02-19 19:16:00,823 [Worker-16] INFO  o.e.m.c.i.e.AbstractTransferListenerAdapter - Downloading https://repo.maven.apache.org/maven2/org/apache/logging/log4j/log4j-to-slf4j/2.11.1/log4j-to-slf4j-2.11.1.jar
2019-02-19 19:16:01,416 [Worker-16] INFO  o.e.m.c.i.e.AbstractTransferListenerAdapter - Downloaded https://repo.maven.apache.org/maven2/org/apache/logging/log4j/log4j-to-slf4j/2.11.1/log4j-to-slf4j-2.11.1.jar
2019-02-19 19:16:01,603 [Worker-16] INFO  o.e.m.c.i.e.AbstractTransferListenerAdapter - Downloading https://repo.maven.apache.org/maven2/org/apache/logging/log4j/log4j-api/2.11.1/log4j-api-2.11.1.jar
2019-02-19 19:16:03,779 [Worker-16] INFO  o.e.m.c.i.e.AbstractTransferListenerAdapter - Downloaded https://repo.maven.apache.org/maven2/org/apache/logging/log4j/log4j-api/2.11.1/log4j-api-2.11.1.jar
2019-02-19 19:16:03,948 [Worker-16] INFO  o.e.m.c.i.e.AbstractTransferListenerAdapter - Downloading https://repo.maven.apache.org/maven2/org/yaml/snakeyaml/1.23/snakeyaml-1.23.jar
2019-02-19 19:16:06,410 [Worker-16] INFO  o.e.m.c.i.e.AbstractTransferListenerAdapter - Downloaded https://repo.maven.apache.org/maven2/org/yaml/snakeyaml/1.23/snakeyaml-1.23.jar
2019-02-19 19:16:06,581 [Worker-16] INFO  o.e.m.c.i.e.AbstractTransferListenerAdapter - Downloading https://repo.maven.apache.org/maven2/org/springframework/boot/spring-boot-starter-json/2.1.2.RELEASE/spring-boot-starter-json-2.1.2.RELEASE.jar
2019-02-19 19:16:06,819 [Worker-16] INFO  o.e.m.c.i.e.AbstractTransferListenerAdapter - Downloaded https://repo.maven.apache.org/maven2/org/springframework/boot/spring-boot-starter-json/2.1.2.RELEASE/spring-boot-starter-json-2.1.2.RELEASE.jar
2019-02-19 19:16:06,990 [Worker-16] INFO  o.e.m.c.i.e.AbstractTransferListenerAdapter - Downloading https://repo.maven.apache.org/maven2/com/fasterxml/jackson/core/jackson-databind/2.9.8/jackson-databind-2.9.8.jar
2019-02-19 19:16:13,079 [Worker-16] INFO  o.e.m.c.i.e.AbstractTransferListenerAdapter - Downloaded https://repo.maven.apache.org/maven2/com/fasterxml/jackson/core/jackson-databind/2.9.8/jackson-databind-2.9.8.jar
2019-02-19 19:16:13,259 [Worker-16] INFO  o.e.m.c.i.e.AbstractTransferListenerAdapter - Downloading https://repo.maven.apache.org/maven2/com/fasterxml/jackson/core/jackson-core/2.9.8/jackson-core-2.9.8.jar
2019-02-19 19:16:15,209 [Worker-16] INFO  o.e.m.c.i.e.AbstractTransferListenerAdapter - Downloaded https://repo.maven.apache.org/maven2/com/fasterxml/jackson/core/jackson-core/2.9.8/jackson-core-2.9.8.jar
2019-02-19 19:16:15,388 [Worker-16] INFO  o.e.m.c.i.e.AbstractTransferListenerAdapter - Downloading https://repo.maven.apache.org/maven2/com/fasterxml/jackson/datatype/jackson-datatype-jdk8/2.9.8/jackson-datatype-jdk8-2.9.8.jar
2019-02-19 19:16:16,143 [Worker-16] INFO  o.e.m.c.i.e.AbstractTransferListenerAdapter - Downloaded https://repo.maven.apache.org/maven2/com/fasterxml/jackson/datatype/jackson-datatype-jdk8/2.9.8/jackson-datatype-jdk8-2.9.8.jar
2019-02-19 19:16:16,300 [Worker-16] INFO  o.e.m.c.i.e.AbstractTransferListenerAdapter - Downloading https://repo.maven.apache.org/maven2/com/fasterxml/jackson/datatype/jackson-datatype-jsr310/2.9.8/jackson-datatype-jsr310-2.9.8.jar
2019-02-19 19:16:17,172 [Worker-16] INFO  o.e.m.c.i.e.AbstractTransferListenerAdapter - Downloaded https://repo.maven.apache.org/maven2/com/fasterxml/jackson/datatype/jackson-datatype-jsr310/2.9.8/jackson-datatype-jsr310-2.9.8.jar
2019-02-19 19:16:17,336 [Worker-16] INFO  o.e.m.c.i.e.AbstractTransferListenerAdapter - Downloading https://repo.maven.apache.org/maven2/com/fasterxml/jackson/module/jackson-module-parameter-names/2.9.8/jackson-module-parameter-names-2.9.8.jar
2019-02-19 19:16:17,776 [Worker-16] INFO  o.e.m.c.i.e.AbstractTransferListenerAdapter - Downloaded https://repo.maven.apache.org/maven2/com/fasterxml/jackson/module/jackson-module-parameter-names/2.9.8/jackson-module-parameter-names-2.9.8.jar
2019-02-19 19:16:17,943 [Worker-16] INFO  o.e.m.c.i.e.AbstractTransferListenerAdapter - Downloading https://repo.maven.apache.org/maven2/org/springframework/boot/spring-boot-starter-tomcat/2.1.2.RELEASE/spring-boot-starter-tomcat-2.1.2.RELEASE.jar
2019-02-19 19:16:18,180 [Worker-16] INFO  o.e.m.c.i.e.AbstractTransferListenerAdapter - Downloaded https://repo.maven.apache.org/maven2/org/springframework/boot/spring-boot-starter-tomcat/2.1.2.RELEASE/spring-boot-starter-tomcat-2.1.2.RELEASE.jar
2019-02-19 19:16:18,359 [Worker-16] INFO  o.e.m.c.i.e.AbstractTransferListenerAdapter - Downloading https://repo.maven.apache.org/maven2/org/apache/tomcat/embed/tomcat-embed-websocket/9.0.14/tomcat-embed-websocket-9.0.14.jar
2019-02-19 19:16:19,914 [Worker-16] INFO  o.e.m.c.i.e.AbstractTransferListenerAdapter - Downloaded https://repo.maven.apache.org/maven2/org/apache/tomcat/embed/tomcat-embed-websocket/9.0.14/tomcat-embed-websocket-9.0.14.jar
2019-02-19 19:16:20,139 [Worker-16] INFO  o.e.m.c.i.e.AbstractTransferListenerAdapter - Downloading https://repo.maven.apache.org/maven2/org/hibernate/validator/hibernate-validator/6.0.14.Final/hibernate-validator-6.0.14.Final.jar
2019-02-19 19:16:23,059 [Worker-16] INFO  o.e.m.c.i.e.AbstractTransferListenerAdapter - Downloaded https://repo.maven.apache.org/maven2/org/hibernate/validator/hibernate-validator/6.0.14.Final/hibernate-validator-6.0.14.Final.jar
2019-02-19 19:16:23,232 [Worker-16] INFO  o.e.m.c.i.e.AbstractTransferListenerAdapter - Downloading https://repo.maven.apache.org/maven2/com/fasterxml/classmate/1.4.0/classmate-1.4.0.jar
2019-02-19 19:16:23,878 [Worker-16] INFO  o.e.m.c.i.e.AbstractTransferListenerAdapter - Downloaded https://repo.maven.apache.org/maven2/com/fasterxml/classmate/1.4.0/classmate-1.4.0.jar
2019-02-19 19:16:24,057 [Worker-16] INFO  o.e.m.c.i.e.AbstractTransferListenerAdapter - Downloading https://repo.maven.apache.org/maven2/org/springframework/spring-web/5.1.4.RELEASE/spring-web-5.1.4.RELEASE.jar
2019-02-19 19:16:28,027 [Worker-16] INFO  o.e.m.c.i.e.AbstractTransferListenerAdapter - Downloaded https://repo.maven.apache.org/maven2/org/springframework/spring-web/5.1.4.RELEASE/spring-web-5.1.4.RELEASE.jar
2019-02-19 19:16:28,207 [Worker-16] INFO  o.e.m.c.i.e.AbstractTransferListenerAdapter - Downloading https://repo.maven.apache.org/maven2/org/springframework/spring-beans/5.1.4.RELEASE/spring-beans-5.1.4.RELEASE.jar
2019-02-19 19:16:29,975 [Worker-16] INFO  o.e.m.c.i.e.AbstractTransferListenerAdapter - Downloaded https://repo.maven.apache.org/maven2/org/springframework/spring-beans/5.1.4.RELEASE/spring-beans-5.1.4.RELEASE.jar
2019-02-19 19:16:30,162 [Worker-16] INFO  o.e.m.c.i.e.AbstractTransferListenerAdapter - Downloading https://repo.maven.apache.org/maven2/org/springframework/spring-webmvc/5.1.4.RELEASE/spring-webmvc-5.1.4.RELEASE.jar
2019-02-19 19:16:32,309 [Worker-16] INFO  o.e.m.c.i.e.AbstractTransferListenerAdapter - Downloaded https://repo.maven.apache.org/maven2/org/springframework/spring-webmvc/5.1.4.RELEASE/spring-webmvc-5.1.4.RELEASE.jar
2019-02-19 19:16:32,487 [Worker-16] INFO  o.e.m.c.i.e.AbstractTransferListenerAdapter - Downloading https://repo.maven.apache.org/maven2/org/springframework/spring-aop/5.1.4.RELEASE/spring-aop-5.1.4.RELEASE.jar
2019-02-19 19:16:33,466 [Worker-16] INFO  o.e.m.c.i.e.AbstractTransferListenerAdapter - Downloaded https://repo.maven.apache.org/maven2/org/springframework/spring-aop/5.1.4.RELEASE/spring-aop-5.1.4.RELEASE.jar
2019-02-19 19:16:33,645 [Worker-16] INFO  o.e.m.c.i.e.AbstractTransferListenerAdapter - Downloading https://repo.maven.apache.org/maven2/org/springframework/spring-context/5.1.4.RELEASE/spring-context-5.1.4.RELEASE.jar
2019-02-19 19:16:36,527 [Worker-16] INFO  o.e.m.c.i.e.AbstractTransferListenerAdapter - Downloaded https://repo.maven.apache.org/maven2/org/springframework/spring-context/5.1.4.RELEASE/spring-context-5.1.4.RELEASE.jar
2019-02-19 19:16:36,709 [Worker-16] INFO  o.e.m.c.i.e.AbstractTransferListenerAdapter - Downloading https://repo.maven.apache.org/maven2/org/springframework/spring-expression/5.1.4.RELEASE/spring-expression-5.1.4.RELEASE.jar
2019-02-19 19:16:38,544 [Worker-16] INFO  o.e.m.c.i.e.AbstractTransferListenerAdapter - Downloaded https://repo.maven.apache.org/maven2/org/springframework/spring-expression/5.1.4.RELEASE/spring-expression-5.1.4.RELEASE.jar
2019-02-19 19:16:38,725 [Worker-16] INFO  o.e.m.c.i.e.AbstractTransferListenerAdapter - Downloading https://repo.maven.apache.org/maven2/org/springframework/boot/spring-boot-devtools/2.1.2.RELEASE/spring-boot-devtools-2.1.2.RELEASE.jar
2019-02-19 19:16:40,000 [Worker-16] INFO  o.e.m.c.i.e.AbstractTransferListenerAdapter - Downloaded https://repo.maven.apache.org/maven2/org/springframework/boot/spring-boot-devtools/2.1.2.RELEASE/spring-boot-devtools-2.1.2.RELEASE.jar
2019-02-19 19:16:40,180 [Worker-16] INFO  o.e.m.c.i.e.AbstractTransferListenerAdapter - Downloading https://repo.maven.apache.org/maven2/org/springframework/boot/spring-boot/2.1.2.RELEASE/spring-boot-2.1.2.RELEASE.jar
2019-02-19 19:16:42,579 [Worker-16] INFO  o.e.m.c.i.e.AbstractTransferListenerAdapter - Downloaded https://repo.maven.apache.org/maven2/org/springframework/boot/spring-boot/2.1.2.RELEASE/spring-boot-2.1.2.RELEASE.jar
2019-02-19 19:16:42,759 [Worker-16] INFO  o.e.m.c.i.e.AbstractTransferListenerAdapter - Downloading https://repo.maven.apache.org/maven2/org/springframework/boot/spring-boot-autoconfigure/2.1.2.RELEASE/spring-boot-autoconfigure-2.1.2.RELEASE.jar
2019-02-19 19:16:45,934 [Worker-16] INFO  o.e.m.c.i.e.AbstractTransferListenerAdapter - Downloaded https://repo.maven.apache.org/maven2/org/springframework/boot/spring-boot-autoconfigure/2.1.2.RELEASE/spring-boot-autoconfigure-2.1.2.RELEASE.jar
2019-02-19 19:16:46,116 [Worker-16] INFO  o.e.m.c.i.e.AbstractTransferListenerAdapter - Downloading https://repo.maven.apache.org/maven2/org/apache/tomcat/embed/tomcat-embed-jasper/9.0.14/tomcat-embed-jasper-9.0.14.jar
2019-02-19 19:16:47,710 [Worker-16] INFO  o.e.m.c.i.e.AbstractTransferListenerAdapter - Downloaded https://repo.maven.apache.org/maven2/org/apache/tomcat/embed/tomcat-embed-jasper/9.0.14/tomcat-embed-jasper-9.0.14.jar
2019-02-19 19:16:47,893 [Worker-16] INFO  o.e.m.c.i.e.AbstractTransferListenerAdapter - Downloading https://repo.maven.apache.org/maven2/org/apache/tomcat/embed/tomcat-embed-core/9.0.14/tomcat-embed-core-9.0.14.jar
2019-02-19 19:16:55,733 [Worker-16] INFO  o.e.m.c.i.e.AbstractTransferListenerAdapter - Downloaded https://repo.maven.apache.org/maven2/org/apache/tomcat/embed/tomcat-embed-core/9.0.14/tomcat-embed-core-9.0.14.jar
2019-02-19 19:16:55,911 [Worker-16] INFO  o.e.m.c.i.e.AbstractTransferListenerAdapter - Downloading https://repo.maven.apache.org/maven2/org/apache/tomcat/tomcat-annotations-api/9.0.14/tomcat-annotations-api-9.0.14.jar
2019-02-19 19:16:56,517 [Worker-16] INFO  o.e.m.c.i.e.AbstractTransferListenerAdapter - Downloaded https://repo.maven.apache.org/maven2/org/apache/tomcat/tomcat-annotations-api/9.0.14/tomcat-annotations-api-9.0.14.jar
2019-02-19 19:16:56,696 [Worker-16] INFO  o.e.m.c.i.e.AbstractTransferListenerAdapter - Downloading https://repo.maven.apache.org/maven2/org/apache/tomcat/embed/tomcat-embed-el/9.0.14/tomcat-embed-el-9.0.14.jar
2019-02-19 19:16:58,036 [Worker-16] INFO  o.e.m.c.i.e.AbstractTransferListenerAdapter - Downloaded https://repo.maven.apache.org/maven2/org/apache/tomcat/embed/tomcat-embed-el/9.0.14/tomcat-embed-el-9.0.14.jar
2019-02-19 19:16:58,221 [Worker-16] INFO  o.e.m.c.i.e.AbstractTransferListenerAdapter - Downloading https://repo.maven.apache.org/maven2/org/eclipse/jdt/ecj/3.15.0/ecj-3.15.0.jar
2019-02-19 19:17:05,629 [Worker-16] INFO  o.e.m.c.i.e.AbstractTransferListenerAdapter - Downloaded https://repo.maven.apache.org/maven2/org/eclipse/jdt/ecj/3.15.0/ecj-3.15.0.jar
2019-02-19 19:17:05,804 [Worker-16] INFO  o.e.m.c.i.e.AbstractTransferListenerAdapter - Downloading https://repo.maven.apache.org/maven2/org/springframework/boot/spring-boot-starter-test/2.1.2.RELEASE/spring-boot-starter-test-2.1.2.RELEASE.jar
2019-02-19 19:17:06,055 [Worker-16] INFO  o.e.m.c.i.e.AbstractTransferListenerAdapter - Downloaded https://repo.maven.apache.org/maven2/org/springframework/boot/spring-boot-starter-test/2.1.2.RELEASE/spring-boot-starter-test-2.1.2.RELEASE.jar
2019-02-19 19:17:06,230 [Worker-16] INFO  o.e.m.c.i.e.AbstractTransferListenerAdapter - Downloading https://repo.maven.apache.org/maven2/org/springframework/boot/spring-boot-test/2.1.2.RELEASE/spring-boot-test-2.1.2.RELEASE.jar
2019-02-19 19:17:07,400 [Worker-16] INFO  o.e.m.c.i.e.AbstractTransferListenerAdapter - Downloaded https://repo.maven.apache.org/maven2/org/springframework/boot/spring-boot-test/2.1.2.RELEASE/spring-boot-test-2.1.2.RELEASE.jar
2019-02-19 19:17:07,584 [Worker-16] INFO  o.e.m.c.i.e.AbstractTransferListenerAdapter - Downloading https://repo.maven.apache.org/maven2/org/springframework/boot/spring-boot-test-autoconfigure/2.1.2.RELEASE/spring-boot-test-autoconfigure-2.1.2.RELEASE.jar
2019-02-19 19:17:08,776 [Worker-16] INFO  o.e.m.c.i.e.AbstractTransferListenerAdapter - Downloaded https://repo.maven.apache.org/maven2/org/springframework/boot/spring-boot-test-autoconfigure/2.1.2.RELEASE/spring-boot-test-autoconfigure-2.1.2.RELEASE.jar
2019-02-19 19:17:08,947 [Worker-16] INFO  o.e.m.c.i.e.AbstractTransferListenerAdapter - Downloading https://repo.maven.apache.org/maven2/org/assertj/assertj-core/3.11.1/assertj-core-3.11.1.jar
2019-02-19 19:17:19,237 [Worker-16] INFO  o.e.m.c.i.e.AbstractTransferListenerAdapter - Downloaded https://repo.maven.apache.org/maven2/org/assertj/assertj-core/3.11.1/assertj-core-3.11.1.jar
2019-02-19 19:17:19,450 [Worker-16] INFO  o.e.m.c.i.e.AbstractTransferListenerAdapter - Downloading https://repo.maven.apache.org/maven2/org/mockito/mockito-core/2.23.4/mockito-core-2.23.4.jar
2019-02-19 19:17:20,903 [Worker-16] INFO  o.e.m.c.i.e.AbstractTransferListenerAdapter - Downloaded https://repo.maven.apache.org/maven2/org/mockito/mockito-core/2.23.4/mockito-core-2.23.4.jar
2019-02-19 19:17:21,086 [Worker-16] INFO  o.e.m.c.i.e.AbstractTransferListenerAdapter - Downloading https://repo.maven.apache.org/maven2/net/bytebuddy/byte-buddy/1.9.7/byte-buddy-1.9.7.jar
2019-02-19 19:17:29,167 [Worker-16] INFO  o.e.m.c.i.e.AbstractTransferListenerAdapter - Downloaded https://repo.maven.apache.org/maven2/net/bytebuddy/byte-buddy/1.9.7/byte-buddy-1.9.7.jar
2019-02-19 19:17:29,339 [Worker-16] INFO  o.e.m.c.i.e.AbstractTransferListenerAdapter - Downloading https://repo.maven.apache.org/maven2/net/bytebuddy/byte-buddy-agent/1.9.7/byte-buddy-agent-1.9.7.jar
2019-02-19 19:17:30,124 [Worker-16] INFO  o.e.m.c.i.e.AbstractTransferListenerAdapter - Downloaded https://repo.maven.apache.org/maven2/net/bytebuddy/byte-buddy-agent/1.9.7/byte-buddy-agent-1.9.7.jar
2019-02-19 19:17:30,306 [Worker-16] INFO  o.e.m.c.i.e.AbstractTransferListenerAdapter - Downloading https://repo.maven.apache.org/maven2/org/springframework/spring-core/5.1.4.RELEASE/spring-core-5.1.4.RELEASE.jar
2019-02-19 19:17:33,859 [Worker-16] INFO  o.e.m.c.i.e.AbstractTransferListenerAdapter - Downloaded https://repo.maven.apache.org/maven2/org/springframework/spring-core/5.1.4.RELEASE/spring-core-5.1.4.RELEASE.jar
2019-02-19 19:17:34,034 [Worker-16] INFO  o.e.m.c.i.e.AbstractTransferListenerAdapter - Downloading https://repo.maven.apache.org/maven2/org/springframework/spring-jcl/5.1.4.RELEASE/spring-jcl-5.1.4.RELEASE.jar
2019-02-19 19:17:34,570 [Worker-16] INFO  o.e.m.c.i.e.AbstractTransferListenerAdapter - Downloaded https://repo.maven.apache.org/maven2/org/springframework/spring-jcl/5.1.4.RELEASE/spring-jcl-5.1.4.RELEASE.jar
2019-02-19 19:17:34,741 [Worker-16] INFO  o.e.m.c.i.e.AbstractTransferListenerAdapter - Downloading https://repo.maven.apache.org/maven2/org/springframework/spring-test/5.1.4.RELEASE/spring-test-5.1.4.RELEASE.jar
2019-02-19 19:17:36,288 [Worker-16] INFO  o.e.m.c.i.e.AbstractTransferListenerAdapter - Downloaded https://repo.maven.apache.org/maven2/org/springframework/spring-test/5.1.4.RELEASE/spring-test-5.1.4.RELEASE.jar
2019-02-19 19:17:36,473 [Worker-16] INFO  o.e.m.c.i.e.AbstractTransferListenerAdapter - Downloading https://repo.maven.apache.org/maven2/org/xmlunit/xmlunit-core/2.6.2/xmlunit-core-2.6.2.jar
2019-02-19 19:17:37,415 [Worker-16] INFO  o.e.m.c.i.e.AbstractTransferListenerAdapter - Downloaded https://repo.maven.apache.org/maven2/org/xmlunit/xmlunit-core/2.6.2/xmlunit-core-2.6.2.jar
2019-02-19 19:18:02,394 [Worker-16] INFO  o.e.m.c.i.e.AbstractTransferListenerAdapter - Downloading https://repo.maven.apache.org/maven2/org/apache/maven/plugins/maven-resources-plugin/3.1.0/maven-resources-plugin-3.1.0.pom
2019-02-19 19:18:02,640 [Worker-16] INFO  o.e.m.c.i.e.AbstractTransferListenerAdapter - Downloaded https://repo.maven.apache.org/maven2/org/apache/maven/plugins/maven-resources-plugin/3.1.0/maven-resources-plugin-3.1.0.pom
2019-02-19 19:18:02,907 [Worker-16] INFO  o.e.m.c.i.e.AbstractTransferListenerAdapter - Downloading https://repo.maven.apache.org/maven2/org/apache/maven/plugins/maven-plugins/31/maven-plugins-31.pom
2019-02-19 19:18:03,147 [Worker-16] INFO  o.e.m.c.i.e.AbstractTransferListenerAdapter - Downloaded https://repo.maven.apache.org/maven2/org/apache/maven/plugins/maven-plugins/31/maven-plugins-31.pom
2019-02-19 19:18:03,375 [Worker-16] INFO  o.e.m.c.i.e.AbstractTransferListenerAdapter - Downloading https://repo.maven.apache.org/maven2/org/apache/maven/maven-parent/31/maven-parent-31.pom
2019-02-19 19:18:03,589 [Worker-16] INFO  o.e.m.c.i.e.AbstractTransferListenerAdapter - Downloaded https://repo.maven.apache.org/maven2/org/apache/maven/maven-parent/31/maven-parent-31.pom
2019-02-19 19:18:03,879 [Worker-16] INFO  o.e.m.c.i.e.AbstractTransferListenerAdapter - Downloading https://repo.maven.apache.org/maven2/org/apache/apache/19/apache-19.pom
2019-02-19 19:18:04,075 [Worker-16] INFO  o.e.m.c.i.e.AbstractTransferListenerAdapter - Downloaded https://repo.maven.apache.org/maven2/org/apache/apache/19/apache-19.pom
2019-02-19 19:18:04,299 [Worker-16] INFO  o.e.m.c.i.e.AbstractTransferListenerAdapter - Downloading https://repo.maven.apache.org/maven2/org/apache/maven/plugins/maven-jar-plugin/3.1.1/maven-jar-plugin-3.1.1.pom
2019-02-19 19:18:04,524 [Worker-16] INFO  o.e.m.c.i.e.AbstractTransferListenerAdapter - Downloaded https://repo.maven.apache.org/maven2/org/apache/maven/plugins/maven-jar-plugin/3.1.1/maven-jar-plugin-3.1.1.pom
2019-02-19 19:18:04,724 [Worker-16] INFO  o.e.m.c.i.e.AbstractTransferListenerAdapter - Downloading https://repo.maven.apache.org/maven2/org/apache/maven/plugins/maven-plugins/33/maven-plugins-33.pom
2019-02-19 19:18:04,995 [Worker-16] INFO  o.e.m.c.i.e.AbstractTransferListenerAdapter - Downloaded https://repo.maven.apache.org/maven2/org/apache/maven/plugins/maven-plugins/33/maven-plugins-33.pom
2019-02-19 19:18:05,197 [Worker-16] INFO  o.e.m.c.i.e.AbstractTransferListenerAdapter - Downloading https://repo.maven.apache.org/maven2/org/apache/maven/maven-parent/33/maven-parent-33.pom
2019-02-19 19:18:05,477 [Worker-16] INFO  o.e.m.c.i.e.AbstractTransferListenerAdapter - Downloaded https://repo.maven.apache.org/maven2/org/apache/maven/maven-parent/33/maven-parent-33.pom
2019-02-19 19:18:05,677 [Worker-16] INFO  o.e.m.c.i.e.AbstractTransferListenerAdapter - Downloading https://repo.maven.apache.org/maven2/org/apache/apache/21/apache-21.pom
2019-02-19 19:18:05,892 [Worker-16] INFO  o.e.m.c.i.e.AbstractTransferListenerAdapter - Downloaded https://repo.maven.apache.org/maven2/org/apache/apache/21/apache-21.pom
2019-02-19 19:18:06,188 [Worker-16] INFO  o.e.m.c.i.e.AbstractTransferListenerAdapter - Downloading https://repo.maven.apache.org/maven2/org/codehaus/plexus/plexus-utils/3.1.0/plexus-utils-3.1.0.pom
2019-02-19 19:18:06,370 [Worker-16] INFO  o.e.m.c.i.e.AbstractTransferListenerAdapter - Downloaded https://repo.maven.apache.org/maven2/org/codehaus/plexus/plexus-utils/3.1.0/plexus-utils-3.1.0.pom
2019-02-19 19:18:08,004 [Worker-16] INFO  o.e.m.c.i.e.AbstractTransferListenerAdapter - Downloading https://repo.maven.apache.org/maven2/org/codehaus/plexus/plexus-utils/3.1.0/plexus-utils-3.1.0.jar
2019-02-19 19:18:09,722 [Worker-16] INFO  o.e.m.c.i.e.AbstractTransferListenerAdapter - Downloaded https://repo.maven.apache.org/maven2/org/codehaus/plexus/plexus-utils/3.1.0/plexus-utils-3.1.0.jar
2019-02-19 19:18:11,671 [Worker-16] INFO  o.e.m.j.i.AbstractJavaProjectConfigurator - Adding source folder /springbootmvc/src/main/java
2019-02-19 19:18:11,681 [Worker-16] INFO  o.e.m.j.i.AbstractJavaProjectConfigurator - Adding resource folder /springbootmvc/src/main/resources
2019-02-19 19:18:11,689 [Worker-16] INFO  o.e.m.j.i.AbstractJavaProjectConfigurator - Adding resource folder /springbootmvc/src/main/resources
2019-02-19 19:18:11,690 [Worker-16] INFO  o.e.m.j.i.AbstractJavaProjectConfigurator - Adding source folder /springbootmvc/src/test/java
2019-02-19 19:18:12,834 [Worker-16] INFO  o.e.m.c.i.p.ProjectConfigurationManager - Imported and configured 1 project(s) in 278 sec
2019-02-19 19:18:20,937 [Worker-24] INFO  o.e.m.c.i.embedder.EclipseLogger - Using 'UTF-8' encoding to copy filtered resources.
2019-02-19 19:18:20,953 [Worker-24] INFO  o.e.m.c.i.embedder.EclipseLogger - Copying 1 resource
2019-02-19 19:18:20,988 [Worker-24] INFO  o.e.m.c.i.embedder.EclipseLogger - Copying 1 resource
2019-02-19 19:18:21,036 [Worker-24] INFO  o.e.m.c.i.embedder.EclipseLogger - Using 'UTF-8' encoding to copy filtered resources.
2019-02-19 19:18:21,043 [Worker-24] INFO  o.e.m.c.i.embedder.EclipseLogger - skip non existing resourceDirectory C:\Users\suraj\Desktop\JenkinsWorkspace\springbootmvc\src\test\resources
2019-02-19 19:18:21,770 [Worker-24] INFO  o.e.m.c.i.e.AbstractTransferListenerAdapter - Downloading https://repo.maven.apache.org/maven2/org/apache/maven/plugins/maven-surefire-plugin/2.22.1/maven-surefire-plugin-2.22.1.pom
2019-02-19 19:18:21,986 [Worker-24] INFO  o.e.m.c.i.e.AbstractTransferListenerAdapter - Downloaded https://repo.maven.apache.org/maven2/org/apache/maven/plugins/maven-surefire-plugin/2.22.1/maven-surefire-plugin-2.22.1.pom
2019-02-19 19:18:22,175 [Worker-24] INFO  o.e.m.c.i.e.AbstractTransferListenerAdapter - Downloading https://repo.maven.apache.org/maven2/org/apache/maven/surefire/surefire/2.22.1/surefire-2.22.1.pom
2019-02-19 19:18:22,584 [Worker-24] INFO  o.e.m.c.i.e.AbstractTransferListenerAdapter - Downloaded https://repo.maven.apache.org/maven2/org/apache/maven/surefire/surefire/2.22.1/surefire-2.22.1.pom
2019-02-19 19:18:24,448 [Worker-24] INFO  o.e.m.c.i.e.AbstractTransferListenerAdapter - Downloading https://repo.maven.apache.org/maven2/org/apache/maven/maven-archiver/3.3.0/maven-archiver-3.3.0.pom
2019-02-19 19:18:24,647 [Worker-24] INFO  o.e.m.c.i.e.AbstractTransferListenerAdapter - Downloaded https://repo.maven.apache.org/maven2/org/apache/maven/maven-archiver/3.3.0/maven-archiver-3.3.0.pom
2019-02-19 19:18:24,802 [Worker-24] INFO  o.e.m.c.i.e.AbstractTransferListenerAdapter - Downloading https://repo.maven.apache.org/maven2/org/apache/maven/shared/maven-shared-components/33/maven-shared-components-33.pom
2019-02-19 19:18:24,955 [Worker-24] INFO  o.e.m.c.i.e.AbstractTransferListenerAdapter - Downloaded https://repo.maven.apache.org/maven2/org/apache/maven/shared/maven-shared-components/33/maven-shared-components-33.pom
2019-02-19 19:18:25,424 [Worker-24] INFO  o.e.m.c.i.e.AbstractTransferListenerAdapter - Downloading https://repo.maven.apache.org/maven2/org/codehaus/plexus/plexus-archiver/3.6.0/plexus-archiver-3.6.0.pom
2019-02-19 19:18:25,588 [Worker-24] INFO  o.e.m.c.i.e.AbstractTransferListenerAdapter - Downloaded https://repo.maven.apache.org/maven2/org/codehaus/plexus/plexus-archiver/3.6.0/plexus-archiver-3.6.0.pom
2019-02-19 19:18:25,769 [Worker-24] INFO  o.e.m.c.i.e.AbstractTransferListenerAdapter - Downloading https://repo.maven.apache.org/maven2/org/codehaus/plexus/plexus/5.0/plexus-5.0.pom
2019-02-19 19:18:26,030 [Worker-24] INFO  o.e.m.c.i.e.AbstractTransferListenerAdapter - Downloaded https://repo.maven.apache.org/maven2/org/codehaus/plexus/plexus/5.0/plexus-5.0.pom
2019-02-19 19:18:26,192 [Worker-24] INFO  o.e.m.c.i.e.AbstractTransferListenerAdapter - Downloading https://repo.maven.apache.org/maven2/org/codehaus/plexus/plexus-io/3.0.1/plexus-io-3.0.1.pom
2019-02-19 19:18:26,371 [Worker-24] INFO  o.e.m.c.i.e.AbstractTransferListenerAdapter - Downloaded https://repo.maven.apache.org/maven2/org/codehaus/plexus/plexus-io/3.0.1/plexus-io-3.0.1.pom
2019-02-19 19:18:26,544 [Worker-24] INFO  o.e.m.c.i.e.AbstractTransferListenerAdapter - Downloading https://repo.maven.apache.org/maven2/commons-io/commons-io/2.6/commons-io-2.6.pom
2019-02-19 19:18:26,697 [Worker-24] INFO  o.e.m.c.i.e.AbstractTransferListenerAdapter - Downloaded https://repo.maven.apache.org/maven2/commons-io/commons-io/2.6/commons-io-2.6.pom
2019-02-19 19:18:26,850 [Worker-24] INFO  o.e.m.c.i.e.AbstractTransferListenerAdapter - Downloading https://repo.maven.apache.org/maven2/org/apache/commons/commons-parent/42/commons-parent-42.pom
2019-02-19 19:18:27,433 [Worker-24] INFO  o.e.m.c.i.e.AbstractTransferListenerAdapter - Downloaded https://repo.maven.apache.org/maven2/org/apache/commons/commons-parent/42/commons-parent-42.pom
2019-02-19 19:18:27,647 [Worker-24] INFO  o.e.m.c.i.e.AbstractTransferListenerAdapter - Downloading https://repo.maven.apache.org/maven2/org/apache/commons/commons-compress/1.16.1/commons-compress-1.16.1.pom
2019-02-19 19:18:27,803 [Worker-24] INFO  o.e.m.c.i.e.AbstractTransferListenerAdapter - Downloaded https://repo.maven.apache.org/maven2/org/apache/commons/commons-compress/1.16.1/commons-compress-1.16.1.pom
2019-02-19 19:18:27,962 [Worker-24] INFO  o.e.m.c.i.e.AbstractTransferListenerAdapter - Downloading https://repo.maven.apache.org/maven2/org/apache/commons/commons-parent/43/commons-parent-43.pom
2019-02-19 19:18:28,348 [Worker-24] INFO  o.e.m.c.i.e.AbstractTransferListenerAdapter - Downloaded https://repo.maven.apache.org/maven2/org/apache/commons/commons-parent/43/commons-parent-43.pom
2019-02-19 19:18:28,612 [Worker-24] INFO  o.e.m.c.i.e.AbstractTransferListenerAdapter - Downloading https://repo.maven.apache.org/maven2/org/tukaani/xz/1.8/xz-1.8.pom
2019-02-19 19:18:28,802 [Worker-24] INFO  o.e.m.c.i.e.AbstractTransferListenerAdapter - Downloaded https://repo.maven.apache.org/maven2/org/tukaani/xz/1.8/xz-1.8.pom
2019-02-19 19:18:29,002 [Worker-24] INFO  o.e.m.c.i.e.AbstractTransferListenerAdapter - Downloading https://repo.maven.apache.org/maven2/org/codehaus/plexus/plexus-interpolation/1.25/plexus-interpolation-1.25.pom
2019-02-19 19:18:29,415 [Worker-24] INFO  o.e.m.c.i.e.AbstractTransferListenerAdapter - Downloaded https://repo.maven.apache.org/maven2/org/codehaus/plexus/plexus-interpolation/1.25/plexus-interpolation-1.25.pom
2019-02-19 19:18:29,708 [Worker-24] INFO  o.e.m.c.i.e.AbstractTransferListenerAdapter - Downloading https://repo.maven.apache.org/maven2/org/codehaus/plexus/plexus/5.1/plexus-5.1.pom
2019-02-19 19:18:29,890 [Worker-24] INFO  o.e.m.c.i.e.AbstractTransferListenerAdapter - Downloaded https://repo.maven.apache.org/maven2/org/codehaus/plexus/plexus/5.1/plexus-5.1.pom
2019-02-19 19:18:30,092 [Worker-24] INFO  o.e.m.c.i.e.AbstractTransferListenerAdapter - Downloading https://repo.maven.apache.org/maven2/org/codehaus/plexus/plexus-archiver/3.7.0/plexus-archiver-3.7.0.pom
2019-02-19 19:18:30,245 [Worker-24] INFO  o.e.m.c.i.e.AbstractTransferListenerAdapter - Downloaded https://repo.maven.apache.org/maven2/org/codehaus/plexus/plexus-archiver/3.7.0/plexus-archiver-3.7.0.pom
2019-02-19 19:18:30,424 [Worker-24] INFO  o.e.m.c.i.e.AbstractTransferListenerAdapter - Downloading https://repo.maven.apache.org/maven2/org/codehaus/plexus/plexus-io/3.1.0/plexus-io-3.1.0.pom
2019-02-19 19:18:30,747 [Worker-24] INFO  o.e.m.c.i.e.AbstractTransferListenerAdapter - Downloaded https://repo.maven.apache.org/maven2/org/codehaus/plexus/plexus-io/3.1.0/plexus-io-3.1.0.pom
2019-02-19 19:18:30,928 [Worker-24] INFO  o.e.m.c.i.e.AbstractTransferListenerAdapter - Downloading https://repo.maven.apache.org/maven2/org/apache/commons/commons-compress/1.18/commons-compress-1.18.pom
2019-02-19 19:18:31,248 [Worker-24] INFO  o.e.m.c.i.e.AbstractTransferListenerAdapter - Downloaded https://repo.maven.apache.org/maven2/org/apache/commons/commons-compress/1.18/commons-compress-1.18.pom
2019-02-19 19:18:31,446 [Worker-24] INFO  o.e.m.c.i.e.AbstractTransferListenerAdapter - Downloading https://repo.maven.apache.org/maven2/org/apache/commons/commons-parent/47/commons-parent-47.pom
2019-02-19 19:18:31,741 [Worker-24] INFO  o.e.m.c.i.e.AbstractTransferListenerAdapter - Downloaded https://repo.maven.apache.org/maven2/org/apache/commons/commons-parent/47/commons-parent-47.pom
2019-02-19 19:18:31,996 [Worker-24] INFO  o.e.m.c.i.e.AbstractTransferListenerAdapter - Downloading https://repo.maven.apache.org/maven2/org/apache/maven/maven-archiver/3.3.0/maven-archiver-3.3.0.jar
2019-02-19 19:18:32,541 [Worker-24] INFO  o.e.m.c.i.e.AbstractTransferListenerAdapter - Downloaded https://repo.maven.apache.org/maven2/org/apache/maven/maven-archiver/3.3.0/maven-archiver-3.3.0.jar
2019-02-19 19:18:32,707 [Worker-24] INFO  o.e.m.c.i.e.AbstractTransferListenerAdapter - Downloading https://repo.maven.apache.org/maven2/org/codehaus/plexus/plexus-archiver/3.7.0/plexus-archiver-3.7.0.jar
2019-02-19 19:18:33,766 [Worker-24] INFO  o.e.m.c.i.e.AbstractTransferListenerAdapter - Downloaded https://repo.maven.apache.org/maven2/org/codehaus/plexus/plexus-archiver/3.7.0/plexus-archiver-3.7.0.jar
2019-02-19 19:18:33,923 [Worker-24] INFO  o.e.m.c.i.e.AbstractTransferListenerAdapter - Downloading https://repo.maven.apache.org/maven2/org/codehaus/plexus/plexus-io/3.1.0/plexus-io-3.1.0.jar
2019-02-19 19:18:34,494 [Worker-24] INFO  o.e.m.c.i.e.AbstractTransferListenerAdapter - Downloaded https://repo.maven.apache.org/maven2/org/codehaus/plexus/plexus-io/3.1.0/plexus-io-3.1.0.jar
2019-02-19 19:18:34,636 [Worker-24] INFO  o.e.m.c.i.e.AbstractTransferListenerAdapter - Downloading https://repo.maven.apache.org/maven2/org/apache/commons/commons-compress/1.18/commons-compress-1.18.jar
2019-02-19 19:18:35,989 [Worker-24] INFO  o.e.m.c.i.e.AbstractTransferListenerAdapter - Downloaded https://repo.maven.apache.org/maven2/org/apache/commons/commons-compress/1.18/commons-compress-1.18.jar
2019-02-19 19:18:36,139 [Worker-24] INFO  o.e.m.c.i.e.AbstractTransferListenerAdapter - Downloading https://repo.maven.apache.org/maven2/org/tukaani/xz/1.8/xz-1.8.jar
2019-02-19 19:18:36,778 [Worker-24] INFO  o.e.m.c.i.e.AbstractTransferListenerAdapter - Downloaded https://repo.maven.apache.org/maven2/org/tukaani/xz/1.8/xz-1.8.jar
2019-02-19 19:19:43,141 [Worker-17] INFO  o.e.m.c.i.p.ProjectConfigurationManager - Update started
2019-02-19 19:19:46,163 [Worker-17] INFO  o.e.m.c.i.l.LifecycleMappingFactory - Using org.eclipse.m2e.jdt.JarLifecycleMapping lifecycle mapping for MavenProject: com.jbk:springbootmvc:0.0.1-SNAPSHOT @ C:\Users\suraj\Desktop\JenkinsWorkspace\springbootmvc\pom.xml.
2019-02-19 19:19:50,344 [Worker-17] INFO  o.e.m.j.i.AbstractJavaProjectConfigurator - Adding source folder /springbootmvc/src/main/java
2019-02-19 19:19:50,355 [Worker-17] INFO  o.e.m.j.i.AbstractJavaProjectConfigurator - Adding resource folder /springbootmvc/src/main/resources
2019-02-19 19:19:50,366 [Worker-17] INFO  o.e.m.j.i.AbstractJavaProjectConfigurator - Adding resource folder /springbootmvc/src/main/resources
2019-02-19 19:19:50,367 [Worker-17] INFO  o.e.m.j.i.AbstractJavaProjectConfigurator - Adding source folder /springbootmvc/src/test/java
2019-02-19 19:19:51,128 [Worker-17] INFO  o.e.m.c.i.p.ProjectConfigurationManager - Update completed: 7 sec
2019-02-19 19:19:52,671 [Worker-19] INFO  o.e.m.c.i.embedder.EclipseLogger - Using 'UTF-8' encoding to copy filtered resources.
2019-02-19 19:19:52,736 [Worker-19] INFO  o.e.m.c.i.embedder.EclipseLogger - Copying 1 resource
2019-02-19 19:19:52,960 [Worker-19] INFO  o.e.m.c.i.embedder.EclipseLogger - Copying 1 resource
2019-02-19 19:19:53,043 [Worker-19] INFO  o.e.m.c.i.embedder.EclipseLogger - Using 'UTF-8' encoding to copy filtered resources.
2019-02-19 19:19:53,043 [Worker-19] INFO  o.e.m.c.i.embedder.EclipseLogger - skip non existing resourceDirectory C:\Users\suraj\Desktop\JenkinsWorkspace\springbootmvc\src\test\resources
2019-02-19 19:39:13,699 [Worker-24] INFO  o.e.m.c.i.embedder.EclipseLogger - Using 'UTF-8' encoding to copy filtered resources.
2019-02-19 19:39:13,731 [Worker-24] INFO  o.e.m.c.i.embedder.EclipseLogger - Copying 0 resource
2019-02-19 19:39:13,731 [Worker-24] INFO  o.e.m.c.i.embedder.EclipseLogger - Copying 1 resource
2019-02-19 19:39:13,746 [Worker-24] INFO  o.e.m.c.i.embedder.EclipseLogger - Using 'UTF-8' encoding to copy filtered resources.
2019-02-19 19:39:13,790 [Worker-24] INFO  o.e.m.c.i.embedder.EclipseLogger - skip non existing resourceDirectory C:\Users\suraj\Desktop\JenkinsWorkspace\springbootmvc\src\test\resources
